<?xml version="1.0" encoding="UTF-8"?>
<testsuite name="com.catshi.bob.services.OutputParserTest" tests="1" skipped="0" failures="0" errors="0" timestamp="2021-03-19T05:56:06" hostname="jeonghyeongyuui-MacBookPro.local" time="0.013">
  <properties/>
  <testcase name="1등으로 신청했을 때 메시지 정상적으로 뜬다()" classname="com.catshi.bob.services.OutputParserTest" time="0.013"/>
  <system-out><![CDATA[2021-03-19 14:56:06.602  INFO 16822 --- [    Test worker] .b.t.c.SpringBootTestContextBootstrapper : Neither @ContextConfiguration nor @ContextHierarchy found for test class [com.catshi.bob.services.OutputParserTest], using SpringBootContextLoader
2021-03-19 14:56:06.603  INFO 16822 --- [    Test worker] o.s.t.c.support.AbstractContextLoader    : Could not detect default resource locations for test class [com.catshi.bob.services.OutputParserTest]: no resource found for suffixes {-context.xml, Context.groovy}.
2021-03-19 14:56:06.603  INFO 16822 --- [    Test worker] t.c.s.AnnotationConfigContextLoaderUtils : Could not detect default configuration classes for test class [com.catshi.bob.services.OutputParserTest]: OutputParserTest does not declare any static, non-private, non-final, nested classes annotated with @Configuration.
2021-03-19 14:56:06.605  INFO 16822 --- [    Test worker] .b.t.c.SpringBootTestContextBootstrapper : Found @SpringBootConfiguration com.catshi.bob.BobApplication for test class com.catshi.bob.services.OutputParserTest
2021-03-19 14:56:06.607  INFO 16822 --- [    Test worker] .b.t.c.SpringBootTestContextBootstrapper : Loaded default TestExecutionListener class names from location [META-INF/spring.factories]: [org.springframework.boot.test.autoconfigure.restdocs.RestDocsTestExecutionListener, org.springframework.boot.test.autoconfigure.web.client.MockRestServiceServerResetTestExecutionListener, org.springframework.boot.test.autoconfigure.web.servlet.MockMvcPrintOnlyOnFailureTestExecutionListener, org.springframework.boot.test.autoconfigure.web.servlet.WebDriverTestExecutionListener, org.springframework.boot.test.autoconfigure.webservices.client.MockWebServiceServerTestExecutionListener, org.springframework.boot.test.mock.mockito.MockitoTestExecutionListener, org.springframework.boot.test.mock.mockito.ResetMocksTestExecutionListener, org.springframework.test.context.web.ServletTestExecutionListener, org.springframework.test.context.support.DirtiesContextBeforeModesTestExecutionListener, org.springframework.test.context.event.ApplicationEventsTestExecutionListener, org.springframework.test.context.support.DependencyInjectionTestExecutionListener, org.springframework.test.context.support.DirtiesContextTestExecutionListener, org.springframework.test.context.transaction.TransactionalTestExecutionListener, org.springframework.test.context.jdbc.SqlScriptsTestExecutionListener, org.springframework.test.context.event.EventPublishingTestExecutionListener]
2021-03-19 14:56:06.607  INFO 16822 --- [    Test worker] .b.t.c.SpringBootTestContextBootstrapper : Using TestExecutionListeners: [org.springframework.test.context.web.ServletTestExecutionListener@1379a69d, org.springframework.test.context.support.DirtiesContextBeforeModesTestExecutionListener@6a015818, org.springframework.test.context.event.ApplicationEventsTestExecutionListener@2e62ff6e, org.springframework.boot.test.mock.mockito.MockitoTestExecutionListener@77948225, org.springframework.boot.test.autoconfigure.SpringBootDependencyInjectionTestExecutionListener@29078f04, org.springframework.test.context.support.DirtiesContextTestExecutionListener@4926c3a4, org.springframework.test.context.transaction.TransactionalTestExecutionListener@7006dc61, org.springframework.test.context.jdbc.SqlScriptsTestExecutionListener@2350edee, org.springframework.test.context.event.EventPublishingTestExecutionListener@36ba392f, org.springframework.boot.test.autoconfigure.restdocs.RestDocsTestExecutionListener@49fef7bf, org.springframework.boot.test.autoconfigure.web.client.MockRestServiceServerResetTestExecutionListener@fdddf35, org.springframework.boot.test.autoconfigure.web.servlet.MockMvcPrintOnlyOnFailureTestExecutionListener@2b467cbd, org.springframework.boot.test.autoconfigure.web.servlet.WebDriverTestExecutionListener@4c525bbb, org.springframework.boot.test.autoconfigure.webservices.client.MockWebServiceServerTestExecutionListener@722f0e81, org.springframework.boot.test.mock.mockito.ResetMocksTestExecutionListener@13ea4386]
Hibernate: select user0_.id as id1_4_0_, user0_.city as city2_4_0_, user0_.multi_team as multi_te3_4_0_, user0_.name as name4_4_0_, user0_.path as path5_4_0_, user0_.team_id as team_id6_4_0_, user0_.user_code as user_cod7_4_0_, user0_.user_level as user_lev8_4_0_ from user user0_ where user0_.id=?
Hibernate: insert into user (id, city, multi_team, name, path, team_id, user_code, user_level) values (null, ?, ?, ?, ?, ?, ?, ?)
Hibernate: select user0_.id as id1_4_0_, user0_.city as city2_4_0_, user0_.multi_team as multi_te3_4_0_, user0_.name as name4_4_0_, user0_.path as path5_4_0_, user0_.team_id as team_id6_4_0_, user0_.user_code as user_cod7_4_0_, user0_.user_level as user_lev8_4_0_ from user user0_ where user0_.id=?
Hibernate: select bobticket0_.id as id1_1_, bobticket0_.bob_style as bob_styl2_1_, bobticket0_.bob_time_type as bob_time3_1_, bobticket0_.city as city4_1_, bobticket0_.date as date5_1_, bobticket0_.issued_order as issued_o6_1_, bobticket0_.time as time7_1_, bobticket0_.user_id as user_id8_1_ from bob_ticket bobticket0_ where bobticket0_.user_id=? and bobticket0_.bob_time_type=? and bobticket0_.date=?
Hibernate: select bobticket0_.id as id1_1_0_, bobticket0_.bob_style as bob_styl2_1_0_, bobticket0_.bob_time_type as bob_time3_1_0_, bobticket0_.city as city4_1_0_, bobticket0_.date as date5_1_0_, bobticket0_.issued_order as issued_o6_1_0_, bobticket0_.time as time7_1_0_, bobticket0_.user_id as user_id8_1_0_ from bob_ticket bobticket0_ where bobticket0_.id=?
Hibernate: insert into bob_ticket (id, bob_style, bob_time_type, city, date, issued_order, time, user_id) values (null, ?, ?, ?, ?, ?, ?, ?)
Hibernate: select bobhistory0_.id as id1_0_, bobhistory0_.bob_team_number as bob_team2_0_, bobhistory0_.bob_ticket_id as bob_tick4_0_, bobhistory0_.is_bob_leader as is_bob_l3_0_ from bob_history bobhistory0_
Hibernate: select bobticket0_.id as id1_1_, bobticket0_.bob_style as bob_styl2_1_, bobticket0_.bob_time_type as bob_time3_1_, bobticket0_.city as city4_1_, bobticket0_.date as date5_1_, bobticket0_.issued_order as issued_o6_1_, bobticket0_.time as time7_1_, bobticket0_.user_id as user_id8_1_ from bob_ticket bobticket0_
Hibernate: delete from bob_ticket where id=?
Hibernate: select user0_.id as id1_4_, user0_.city as city2_4_, user0_.multi_team as multi_te3_4_, user0_.name as name4_4_, user0_.path as path5_4_, user0_.team_id as team_id6_4_, user0_.user_code as user_cod7_4_, user0_.user_level as user_lev8_4_ from user user0_
Hibernate: delete from user where id=?
Hibernate: select menu0_.id as id1_2_, menu0_.name as name2_2_ from menu menu0_
]]></system-out>
  <system-err><![CDATA[]]></system-err>
</testsuite>
