<?xml version="1.0" encoding="UTF-8"?>
<testsuite name="com.catshi.bob.domain.BobTeamMakerTest" tests="12" skipped="0" failures="0" errors="0" timestamp="2021-03-19T05:56:06" hostname="jeonghyeongyuui-MacBookPro.local" time="0.013">
  <properties/>
  <testcase name="5명 모두 같은 지역, 같은 식성으로 투표했다()" classname="com.catshi.bob.domain.BobTeamMakerTest" time="0.001"/>
  <testcase name="4명 같은 지역, 같은 식성으로 투표했다()" classname="com.catshi.bob.domain.BobTeamMakerTest" time="0.005"/>
  <testcase name="채식 3명 미만, 아무거나 3명 이상 투표()" classname="com.catshi.bob.domain.BobTeamMakerTest" time="0.001"/>
  <testcase name="채식 3명 이상, 아무거나 3명 미만 투표()" classname="com.catshi.bob.domain.BobTeamMakerTest" time="0.0"/>
  <testcase name="채식 1등, 아무거나 1등이 같은 3인 팀에 들어간다()" classname="com.catshi.bob.domain.BobTeamMakerTest" time="0.001"/>
  <testcase name="채식 1등, 아무거나 1등이 같은 2인 팀에 들어간다()" classname="com.catshi.bob.domain.BobTeamMakerTest" time="0.001"/>
  <testcase name="6명 모두 같은 지역, 같은 식성으로 투표했다()" classname="com.catshi.bob.domain.BobTeamMakerTest" time="0.0"/>
  <testcase name="1등이 되면 밥부장을 면제 받는다()" classname="com.catshi.bob.domain.BobTeamMakerTest" time="0.001"/>
  <testcase name="3명 미만 투표했다()" classname="com.catshi.bob.domain.BobTeamMakerTest" time="0.0"/>
  <testcase name="채식만 3명 모였을 때도 채식팀끼리 배정이 되어야 된다()" classname="com.catshi.bob.domain.BobTeamMakerTest" time="0.0"/>
  <testcase name="채식 3명 미만, 아무거나 3명 미만, 합치면 3명 이상 투표()" classname="com.catshi.bob.domain.BobTeamMakerTest" time="0.0"/>
  <testcase name="3명 같은 지역, 같은 식성으로 투표했다()" classname="com.catshi.bob.domain.BobTeamMakerTest" time="0.0"/>
  <system-out><![CDATA[]]></system-out>
  <system-err><![CDATA[]]></system-err>
</testsuite>
