<?xml version="1.0" encoding="UTF-8"?>
<testsuite name="com.catshi.bob.ui.BobSlackHandlerTest" tests="3" skipped="0" failures="0" errors="0" timestamp="2021-03-19T05:56:03" hostname="jeonghyeongyuui-MacBookPro.local" time="0.159">
  <properties/>
  <testcase name="저요()" classname="com.catshi.bob.ui.BobSlackHandlerTest" time="0.147"/>
  <testcase name="밥통계()" classname="com.catshi.bob.ui.BobSlackHandlerTest" time="0.006"/>
  <testcase name="!사용법()" classname="com.catshi.bob.ui.BobSlackHandlerTest" time="0.002"/>
  <system-out><![CDATA[14:55:59.838 [Test worker] DEBUG org.springframework.test.context.BootstrapUtils - Instantiating CacheAwareContextLoaderDelegate from class [org.springframework.test.context.cache.DefaultCacheAwareContextLoaderDelegate]
14:55:59.848 [Test worker] DEBUG org.springframework.test.context.BootstrapUtils - Instantiating BootstrapContext using constructor [public org.springframework.test.context.support.DefaultBootstrapContext(java.lang.Class,org.springframework.test.context.CacheAwareContextLoaderDelegate)]
14:55:59.876 [Test worker] DEBUG org.springframework.test.context.BootstrapUtils - Instantiating TestContextBootstrapper for test class [com.catshi.bob.ui.BobSlackHandlerTest] from class [org.springframework.boot.test.context.SpringBootTestContextBootstrapper]
14:55:59.887 [Test worker] INFO org.springframework.boot.test.context.SpringBootTestContextBootstrapper - Neither @ContextConfiguration nor @ContextHierarchy found for test class [com.catshi.bob.ui.BobSlackHandlerTest], using SpringBootContextLoader
14:55:59.890 [Test worker] DEBUG org.springframework.test.context.support.AbstractContextLoader - Did not detect default resource location for test class [com.catshi.bob.ui.BobSlackHandlerTest]: class path resource [com/catshi/bob/ui/BobSlackHandlerTest-context.xml] does not exist
14:55:59.890 [Test worker] DEBUG org.springframework.test.context.support.AbstractContextLoader - Did not detect default resource location for test class [com.catshi.bob.ui.BobSlackHandlerTest]: class path resource [com/catshi/bob/ui/BobSlackHandlerTestContext.groovy] does not exist
14:55:59.890 [Test worker] INFO org.springframework.test.context.support.AbstractContextLoader - Could not detect default resource locations for test class [com.catshi.bob.ui.BobSlackHandlerTest]: no resource found for suffixes {-context.xml, Context.groovy}.
14:55:59.891 [Test worker] INFO org.springframework.test.context.support.AnnotationConfigContextLoaderUtils - Could not detect default configuration classes for test class [com.catshi.bob.ui.BobSlackHandlerTest]: BobSlackHandlerTest does not declare any static, non-private, non-final, nested classes annotated with @Configuration.
14:55:59.988 [Test worker] DEBUG org.springframework.context.annotation.ClassPathScanningCandidateComponentProvider - Identified candidate component class: file [/Users/jhg/IdeaProjects/catshi/bob/build/classes/kotlin/main/com/catshi/bob/BobApplication.class]
14:55:59.989 [Test worker] INFO org.springframework.boot.test.context.SpringBootTestContextBootstrapper - Found @SpringBootConfiguration com.catshi.bob.BobApplication for test class com.catshi.bob.ui.BobSlackHandlerTest
14:56:00.060 [Test worker] DEBUG org.springframework.boot.test.context.SpringBootTestContextBootstrapper - @TestExecutionListeners is not present for class [com.catshi.bob.ui.BobSlackHandlerTest]: using defaults.
14:56:00.060 [Test worker] INFO org.springframework.boot.test.context.SpringBootTestContextBootstrapper - Loaded default TestExecutionListener class names from location [META-INF/spring.factories]: [org.springframework.boot.test.autoconfigure.restdocs.RestDocsTestExecutionListener, org.springframework.boot.test.autoconfigure.web.client.MockRestServiceServerResetTestExecutionListener, org.springframework.boot.test.autoconfigure.web.servlet.MockMvcPrintOnlyOnFailureTestExecutionListener, org.springframework.boot.test.autoconfigure.web.servlet.WebDriverTestExecutionListener, org.springframework.boot.test.autoconfigure.webservices.client.MockWebServiceServerTestExecutionListener, org.springframework.boot.test.mock.mockito.MockitoTestExecutionListener, org.springframework.boot.test.mock.mockito.ResetMocksTestExecutionListener, org.springframework.test.context.web.ServletTestExecutionListener, org.springframework.test.context.support.DirtiesContextBeforeModesTestExecutionListener, org.springframework.test.context.event.ApplicationEventsTestExecutionListener, org.springframework.test.context.support.DependencyInjectionTestExecutionListener, org.springframework.test.context.support.DirtiesContextTestExecutionListener, org.springframework.test.context.transaction.TransactionalTestExecutionListener, org.springframework.test.context.jdbc.SqlScriptsTestExecutionListener, org.springframework.test.context.event.EventPublishingTestExecutionListener]
14:56:00.070 [Test worker] INFO org.springframework.boot.test.context.SpringBootTestContextBootstrapper - Using TestExecutionListeners: [org.springframework.test.context.web.ServletTestExecutionListener@3254b82, org.springframework.test.context.support.DirtiesContextBeforeModesTestExecutionListener@741d6c09, org.springframework.test.context.event.ApplicationEventsTestExecutionListener@79609415, org.springframework.boot.test.mock.mockito.MockitoTestExecutionListener@2bb41b69, org.springframework.boot.test.autoconfigure.SpringBootDependencyInjectionTestExecutionListener@2642cc6, org.springframework.test.context.support.DirtiesContextTestExecutionListener@1d0675a7, org.springframework.test.context.transaction.TransactionalTestExecutionListener@603b8a2e, org.springframework.test.context.jdbc.SqlScriptsTestExecutionListener@6b5faa13, org.springframework.test.context.event.EventPublishingTestExecutionListener@487ea9a2, org.springframework.boot.test.autoconfigure.restdocs.RestDocsTestExecutionListener@66fb5647, org.springframework.boot.test.autoconfigure.web.client.MockRestServiceServerResetTestExecutionListener@5aadda4c, org.springframework.boot.test.autoconfigure.web.servlet.MockMvcPrintOnlyOnFailureTestExecutionListener@4cb4fc38, org.springframework.boot.test.autoconfigure.web.servlet.WebDriverTestExecutionListener@71ba6fb5, org.springframework.boot.test.autoconfigure.webservices.client.MockWebServiceServerTestExecutionListener@4dcf56ab, org.springframework.boot.test.mock.mockito.ResetMocksTestExecutionListener@79048ae4]
14:56:00.073 [Test worker] DEBUG org.springframework.test.context.support.AbstractDirtiesContextTestExecutionListener - Before test class: context [DefaultTestContext@37a426a2 testClass = BobSlackHandlerTest, testInstance = [null], testMethod = [null], testException = [null], mergedContextConfiguration = [WebMergedContextConfiguration@868abe8 testClass = BobSlackHandlerTest, locations = '{}', classes = '{class com.catshi.bob.BobApplication}', contextInitializerClasses = '[]', activeProfiles = '{test}', propertySourceLocations = '{}', propertySourceProperties = '{org.springframework.boot.test.context.SpringBootTestContextBootstrapper=true}', contextCustomizers = set[org.springframework.boot.test.autoconfigure.actuate.metrics.MetricsExportContextCustomizerFactory$DisableMetricExportContextCustomizer@72973760, org.springframework.boot.test.autoconfigure.properties.PropertyMappingContextCustomizer@0, org.springframework.boot.test.autoconfigure.web.servlet.WebDriverContextCustomizerFactory$Customizer@2bc129a8, org.springframework.boot.test.context.filter.ExcludeFilterContextCustomizer@477ff217, org.springframework.boot.test.json.DuplicateJsonObjectContextCustomizerFactory$DuplicateJsonObjectContextCustomizer@79c2fad1, org.springframework.boot.test.mock.mockito.MockitoContextCustomizer@0, org.springframework.boot.test.web.client.TestRestTemplateContextCustomizer@78fae42b, org.springframework.boot.test.context.SpringBootTestArgs@1, org.springframework.boot.test.context.SpringBootTestWebEnvironment@1b77ec28], resourceBasePath = 'src/main/webapp', contextLoader = 'org.springframework.boot.test.context.SpringBootContextLoader', parent = [null]], attributes = map['org.springframework.test.context.web.ServletTestExecutionListener.activateListener' -> true]], class annotated with @DirtiesContext [false] with mode [null].
14:56:00.093 [Test worker] DEBUG org.springframework.core.env.StandardEnvironment - Activating profiles [test]
14:56:00.095 [Test worker] DEBUG org.springframework.test.context.support.TestPropertySourceUtils - Adding inlined properties to environment: {spring.jmx.enabled=false, org.springframework.boot.test.context.SpringBootTestContextBootstrapper=true}

  .   ____          _            __ _ _
 /\\ / ___'_ __ _ _(_)_ __  __ _ \ \ \ \
( ( )\___ | '_ | '_| | '_ \/ _` | \ \ \ \
 \\/  ___)| |_)| | | | | || (_| |  ) ) ) )
  '  |____| .__|_| |_|_| |_\__, | / / / /
 =========|_|==============|___/=/_/_/_/
 :: Spring Boot ::                (v2.4.2)

2021-03-19 14:56:00.394  INFO 16822 --- [    Test worker] com.catshi.bob.ui.BobSlackHandlerTest    : Starting BobSlackHandlerTest using Java 15.0.2 on jeonghyeongyuui-MacBookPro.local with PID 16822 (started by jhg in /Users/jhg/IdeaProjects/catshi/bob)
2021-03-19 14:56:00.395  INFO 16822 --- [    Test worker] com.catshi.bob.ui.BobSlackHandlerTest    : The following profiles are active: test
2021-03-19 14:56:00.525  WARN 16822 --- [kground-preinit] o.s.h.c.j.Jackson2ObjectMapperBuilder    : For Jackson Kotlin classes support please add "com.fasterxml.jackson.module:jackson-module-kotlin" to the classpath
2021-03-19 14:56:00.775  INFO 16822 --- [    Test worker] .s.d.r.c.RepositoryConfigurationDelegate : Bootstrapping Spring Data JPA repositories in DEFAULT mode.
2021-03-19 14:56:00.846  INFO 16822 --- [    Test worker] .s.d.r.c.RepositoryConfigurationDelegate : Finished Spring Data repository scanning in 65 ms. Found 5 JPA repository interfaces.
2021-03-19 14:56:01.579  INFO 16822 --- [    Test worker] o.hibernate.jpa.internal.util.LogHelper  : HHH000204: Processing PersistenceUnitInfo [name: default]
2021-03-19 14:56:01.611  INFO 16822 --- [    Test worker] org.hibernate.Version                    : HHH000412: Hibernate ORM core version 5.4.27.Final
2021-03-19 14:56:01.700  INFO 16822 --- [    Test worker] o.hibernate.annotations.common.Version   : HCANN000001: Hibernate Commons Annotations {5.1.2.Final}
2021-03-19 14:56:01.767  INFO 16822 --- [    Test worker] com.zaxxer.hikari.HikariDataSource       : HikariPool-1 - Starting...
2021-03-19 14:56:01.898  INFO 16822 --- [    Test worker] com.zaxxer.hikari.HikariDataSource       : HikariPool-1 - Start completed.
2021-03-19 14:56:01.912  INFO 16822 --- [    Test worker] org.hibernate.dialect.Dialect            : HHH000400: Using dialect: org.hibernate.dialect.H2Dialect
Hibernate: drop table if exists bob_history CASCADE 
Hibernate: drop table if exists bob_ticket CASCADE 
Hibernate: drop table if exists menu CASCADE 
Hibernate: drop table if exists team CASCADE 
Hibernate: drop table if exists user CASCADE 
Hibernate: create table bob_history (id bigint generated by default as identity, bob_team_number integer not null, is_bob_leader boolean not null, bob_ticket_id bigint not null, primary key (id))
Hibernate: create table bob_ticket (id bigint generated by default as identity, bob_style varchar(255), bob_time_type varchar(255), city varchar(255), date date, issued_order varchar(255), time time, user_id bigint not null, primary key (id))
Hibernate: create table menu (id bigint generated by default as identity, name varchar(255), primary key (id))
Hibernate: create table team (id bigint generated by default as identity, manager_id bigint not null, name varchar(255), primary key (id))
Hibernate: create table user (id bigint generated by default as identity, city varchar(255), multi_team varchar(255), name varchar(255), path varchar(255), team_id bigint, user_code varchar(255), user_level varchar(255), primary key (id))
Hibernate: alter table bob_ticket add constraint UKhpq8syj3xfdhwpafp4miqjgck unique (user_id, date, bob_time_type)
Hibernate: alter table bob_history add constraint FKm6whmrdbapqmm02xpc54yyqj9 foreign key (bob_ticket_id) references bob_ticket
Hibernate: alter table bob_ticket add constraint FK4jwp9pe2vgq9woop11vtqtlq4 foreign key (user_id) references user
2021-03-19 14:56:02.380  INFO 16822 --- [    Test worker] o.h.e.t.j.p.i.JtaPlatformInitiator       : HHH000490: Using JtaPlatform implementation: [org.hibernate.engine.transaction.jta.platform.internal.NoJtaPlatform]
2021-03-19 14:56:02.385  INFO 16822 --- [    Test worker] j.LocalContainerEntityManagerFactoryBean : Initialized JPA EntityManagerFactory for persistence unit 'default'
현재시각: 2021-03-19T05:56:02.392445
2021-03-19 14:56:03.242  WARN 16822 --- [    Test worker] JpaBaseConfiguration$JpaWebConfiguration : spring.jpa.open-in-view is enabled by default. Therefore, database queries may be performed during view rendering. Explicitly configure spring.jpa.open-in-view to disable this warning
2021-03-19 14:56:03.401  INFO 16822 --- [    Test worker] o.s.s.concurrent.ThreadPoolTaskExecutor  : Initializing ExecutorService 'applicationTaskExecutor'
2021-03-19 14:56:03.443  INFO 16822 --- [    Test worker] o.s.b.a.h2.H2ConsoleAutoConfiguration    : H2 console available at '/h2-console'. Database available at 'jdbc:h2:mem:testdb'
2021-03-19 14:56:03.576  WARN 16822 --- [    Test worker] ion$DefaultTemplateResolverConfiguration : Cannot find template location: classpath:/templates/ (please add some templates or check your Thymeleaf configuration)
2021-03-19 14:56:03.713  INFO 16822 --- [    Test worker] o.s.s.c.ThreadPoolTaskScheduler          : Initializing ExecutorService 'taskScheduler'
2021-03-19 14:56:03.753  INFO 16822 --- [    Test worker] com.catshi.bob.ui.BobSlackHandlerTest    : Started BobSlackHandlerTest in 3.653 seconds (JVM running for 4.459)
]]></system-out>
  <system-err><![CDATA[]]></system-err>
</testsuite>
