<?xml version="1.0" encoding="UTF-8"?>
<testsuite name="com.catshi.bob.TicketingTest" tests="18" skipped="0" failures="0" errors="0" timestamp="2021-03-23T07:29:18" hostname="jeonghyeongyuui-MacBookPro.local" time="0.689">
  <properties/>
  <testcase name="이번 타임에 아무거나 서울 티켓이 있는데 서울에서 했다()" classname="com.catshi.bob.TicketingTest" time="0.281"/>
  <testcase name="이번 타임에 아무거나 티켓이 있는데 저요 했다()" classname="com.catshi.bob.TicketingTest" time="0.019"/>
  <testcase name="이번 타임에 티켓이 없는데 안먹 했다()" classname="com.catshi.bob.TicketingTest" time="0.014"/>
  <testcase name="이번 타임에 채식 티켓이 있는데 안먹 했다()" classname="com.catshi.bob.TicketingTest" time="0.028"/>
  <testcase name="이번 타임에 티켓이 없는데 대전에서 했다()" classname="com.catshi.bob.TicketingTest" time="0.025"/>
  <testcase name="이번 타임에 티켓이 없는데 저요 했다()" classname="com.catshi.bob.TicketingTest" time="0.021"/>
  <testcase name="이번 타임에 채식 티켓이 있는데 저요 했다()" classname="com.catshi.bob.TicketingTest" time="0.022"/>
  <testcase name="이번 타임에 아무거나 티켓이 있는데 채식 했다()" classname="com.catshi.bob.TicketingTest" time="0.023"/>
  <testcase name="이번 타임에 티켓이 없는데 서울에서 했다()" classname="com.catshi.bob.TicketingTest" time="0.021"/>
  <testcase name="이번 타임에 티켓이 없는데 채식 했다()" classname="com.catshi.bob.TicketingTest" time="0.018"/>
  <testcase name="이번 타임에 채식 티켓이 있는데 채식 했다()" classname="com.catshi.bob.TicketingTest" time="0.02"/>
  <testcase name="이번 타임에 티켓이 없는데 대전채식 했다()" classname="com.catshi.bob.TicketingTest" time="0.021"/>
  <testcase name="이번 타임에 아무도 투표 안한 상황에서 투표했을 때 1등이 된다()" classname="com.catshi.bob.TicketingTest" time="0.06"/>
  <testcase name="서울 사람이 이번 타임에 아무거나 서울 티켓이 있는데 저요 했다()" classname="com.catshi.bob.TicketingTest" time="0.018"/>
  <testcase name="이번 타임에 티켓이 없는데 서울채식 했다()" classname="com.catshi.bob.TicketingTest" time="0.02"/>
  <testcase name="이번 타임에 1명 이상 투표한 상황에서 투표했을 때 1등이 아니게 된다()" classname="com.catshi.bob.TicketingTest" time="0.021"/>
  <testcase name="대전 사람이 이번 타임에 아무거나 서울 티켓이 있는데 저요 했다()" classname="com.catshi.bob.TicketingTest" time="0.016"/>
  <testcase name="이번 타임에 아무거나 티켓이 있는데 안먹 했다()" classname="com.catshi.bob.TicketingTest" time="0.015"/>
  <system-out><![CDATA[2021-03-23 16:29:17.824  INFO 22778 --- [    Test worker] .b.t.c.SpringBootTestContextBootstrapper : Neither @ContextConfiguration nor @ContextHierarchy found for test class [com.catshi.bob.TicketingTest], using SpringBootContextLoader
2021-03-23 16:29:17.825  INFO 22778 --- [    Test worker] o.s.t.c.support.AbstractContextLoader    : Could not detect default resource locations for test class [com.catshi.bob.TicketingTest]: no resource found for suffixes {-context.xml, Context.groovy}.
2021-03-23 16:29:17.825  INFO 22778 --- [    Test worker] t.c.s.AnnotationConfigContextLoaderUtils : Could not detect default configuration classes for test class [com.catshi.bob.TicketingTest]: TicketingTest does not declare any static, non-private, non-final, nested classes annotated with @Configuration.
2021-03-23 16:29:17.833  INFO 22778 --- [    Test worker] .b.t.c.SpringBootTestContextBootstrapper : Found @SpringBootConfiguration com.catshi.bob.BobApplication for test class com.catshi.bob.TicketingTest
2021-03-23 16:29:17.835  INFO 22778 --- [    Test worker] .b.t.c.SpringBootTestContextBootstrapper : Loaded default TestExecutionListener class names from location [META-INF/spring.factories]: [org.springframework.boot.test.autoconfigure.restdocs.RestDocsTestExecutionListener, org.springframework.boot.test.autoconfigure.web.client.MockRestServiceServerResetTestExecutionListener, org.springframework.boot.test.autoconfigure.web.servlet.MockMvcPrintOnlyOnFailureTestExecutionListener, org.springframework.boot.test.autoconfigure.web.servlet.WebDriverTestExecutionListener, org.springframework.boot.test.autoconfigure.webservices.client.MockWebServiceServerTestExecutionListener, org.springframework.boot.test.mock.mockito.MockitoTestExecutionListener, org.springframework.boot.test.mock.mockito.ResetMocksTestExecutionListener, org.springframework.test.context.web.ServletTestExecutionListener, org.springframework.test.context.support.DirtiesContextBeforeModesTestExecutionListener, org.springframework.test.context.event.ApplicationEventsTestExecutionListener, org.springframework.test.context.support.DependencyInjectionTestExecutionListener, org.springframework.test.context.support.DirtiesContextTestExecutionListener, org.springframework.test.context.transaction.TransactionalTestExecutionListener, org.springframework.test.context.jdbc.SqlScriptsTestExecutionListener, org.springframework.test.context.event.EventPublishingTestExecutionListener]
2021-03-23 16:29:17.835  INFO 22778 --- [    Test worker] .b.t.c.SpringBootTestContextBootstrapper : Using TestExecutionListeners: [org.springframework.test.context.web.ServletTestExecutionListener@25d00d57, org.springframework.test.context.support.DirtiesContextBeforeModesTestExecutionListener@4fdf315, org.springframework.test.context.event.ApplicationEventsTestExecutionListener@6f3c46e8, org.springframework.boot.test.mock.mockito.MockitoTestExecutionListener@28e1ac77, org.springframework.boot.test.autoconfigure.SpringBootDependencyInjectionTestExecutionListener@d7ea689, org.springframework.test.context.support.DirtiesContextTestExecutionListener@66f09968, org.springframework.test.context.transaction.TransactionalTestExecutionListener@6bf68858, org.springframework.test.context.jdbc.SqlScriptsTestExecutionListener@4e510345, org.springframework.test.context.event.EventPublishingTestExecutionListener@36e3bee8, org.springframework.boot.test.autoconfigure.restdocs.RestDocsTestExecutionListener@54ba5a85, org.springframework.boot.test.autoconfigure.web.client.MockRestServiceServerResetTestExecutionListener@b51ac02, org.springframework.boot.test.autoconfigure.web.servlet.MockMvcPrintOnlyOnFailureTestExecutionListener@4d5ccd06, org.springframework.boot.test.autoconfigure.web.servlet.WebDriverTestExecutionListener@66632ebb, org.springframework.boot.test.autoconfigure.webservices.client.MockWebServiceServerTestExecutionListener@608b3e80, org.springframework.boot.test.mock.mockito.ResetMocksTestExecutionListener@663caf2f]

  .   ____          _            __ _ _
 /\\ / ___'_ __ _ _(_)_ __  __ _ \ \ \ \
( ( )\___ | '_ | '_| | '_ \/ _` | \ \ \ \
 \\/  ___)| |_)| | | | | || (_| |  ) ) ) )
  '  |____| .__|_| |_|_| |_\__, | / / / /
 =========|_|==============|___/=/_/_/_/
 :: Spring Boot ::                (v2.4.2)

2021-03-23 16:29:17.853  INFO 22778 --- [    Test worker] com.catshi.bob.TicketingTest             : Starting TicketingTest using Java 15.0.2 on jeonghyeongyuui-MacBookPro.local with PID 22778 (started by jhg in /Users/jhg/IdeaProjects/catshi/bob)
2021-03-23 16:29:17.853  INFO 22778 --- [    Test worker] com.catshi.bob.TicketingTest             : The following profiles are active: test
2021-03-23 16:29:17.982  INFO 22778 --- [    Test worker] .s.d.r.c.RepositoryConfigurationDelegate : Bootstrapping Spring Data JPA repositories in DEFAULT mode.
2021-03-23 16:29:18.006  INFO 22778 --- [    Test worker] .s.d.r.c.RepositoryConfigurationDelegate : Finished Spring Data repository scanning in 23 ms. Found 5 JPA repository interfaces.
2021-03-23 16:29:18.157  INFO 22778 --- [    Test worker] o.hibernate.jpa.internal.util.LogHelper  : HHH000204: Processing PersistenceUnitInfo [name: default]
2021-03-23 16:29:18.161  INFO 22778 --- [    Test worker] com.zaxxer.hikari.HikariDataSource       : HikariPool-2 - Starting...
2021-03-23 16:29:18.162  INFO 22778 --- [    Test worker] com.zaxxer.hikari.HikariDataSource       : HikariPool-2 - Start completed.
2021-03-23 16:29:18.163  INFO 22778 --- [    Test worker] org.hibernate.dialect.Dialect            : HHH000400: Using dialect: org.hibernate.dialect.H2Dialect
Hibernate: drop table if exists bob_history CASCADE 
Hibernate: drop table if exists bob_ticket CASCADE 
Hibernate: drop table if exists menu CASCADE 
Hibernate: drop table if exists team CASCADE 
Hibernate: drop table if exists user CASCADE 
Hibernate: create table bob_history (id bigint generated by default as identity, bob_team_number integer not null, is_bob_leader boolean not null, bob_ticket_id bigint not null, primary key (id))
Hibernate: create table bob_ticket (id bigint generated by default as identity, bob_style varchar(255), bob_time_type varchar(255), city varchar(255), date date, issued_order varchar(255), time time, user_id bigint not null, primary key (id))
Hibernate: create table menu (id bigint generated by default as identity, name varchar(255), primary key (id))
Hibernate: create table team (id bigint generated by default as identity, manager_id bigint not null, name varchar(255), primary key (id))
Hibernate: create table user (id bigint generated by default as identity, city varchar(255), multi_team varchar(255), name varchar(255), path varchar(255), team_id bigint, user_code varchar(255), user_level varchar(255), primary key (id))
Hibernate: alter table bob_ticket add constraint UKhpq8syj3xfdhwpafp4miqjgck unique (user_id, date, bob_time_type)
Hibernate: alter table bob_history add constraint FKm6whmrdbapqmm02xpc54yyqj9 foreign key (bob_ticket_id) references bob_ticket
Hibernate: alter table bob_ticket add constraint FK4jwp9pe2vgq9woop11vtqtlq4 foreign key (user_id) references user
2021-03-23 16:29:18.233  INFO 22778 --- [    Test worker] o.h.e.t.j.p.i.JtaPlatformInitiator       : HHH000490: Using JtaPlatform implementation: [org.hibernate.engine.transaction.jta.platform.internal.NoJtaPlatform]
2021-03-23 16:29:18.234  INFO 22778 --- [    Test worker] j.LocalContainerEntityManagerFactoryBean : Initialized JPA EntityManagerFactory for persistence unit 'default'
현재시각: 2021-03-23T07:29:18.236361
2021-03-23 16:29:18.566  WARN 22778 --- [    Test worker] JpaBaseConfiguration$JpaWebConfiguration : spring.jpa.open-in-view is enabled by default. Therefore, database queries may be performed during view rendering. Explicitly configure spring.jpa.open-in-view to disable this warning
2021-03-23 16:29:18.641  INFO 22778 --- [    Test worker] o.s.s.concurrent.ThreadPoolTaskExecutor  : Initializing ExecutorService 'applicationTaskExecutor'
2021-03-23 16:29:18.653  INFO 22778 --- [    Test worker] o.s.b.a.h2.H2ConsoleAutoConfiguration    : H2 console available at '/h2-console'. Database available at 'jdbc:h2:mem:testdb'
2021-03-23 16:29:18.720  WARN 22778 --- [    Test worker] ion$DefaultTemplateResolverConfiguration : Cannot find template location: classpath:/templates/ (please add some templates or check your Thymeleaf configuration)
2021-03-23 16:29:18.781  INFO 22778 --- [    Test worker] o.s.s.c.ThreadPoolTaskScheduler          : Initializing ExecutorService 'taskScheduler'
2021-03-23 16:29:18.807  INFO 22778 --- [    Test worker] o.s.b.t.m.w.SpringBootMockServletContext : Initializing Spring TestDispatcherServlet ''
2021-03-23 16:29:18.807  INFO 22778 --- [    Test worker] o.s.t.web.servlet.TestDispatcherServlet  : Initializing Servlet ''
2021-03-23 16:29:18.808  INFO 22778 --- [    Test worker] o.s.t.web.servlet.TestDispatcherServlet  : Completed initialization in 1 ms
2021-03-23 16:29:18.815  INFO 22778 --- [    Test worker] com.catshi.bob.TicketingTest             : Started TicketingTest in 0.978 seconds (JVM running for 5.704)
Hibernate: select user0_.id as id1_4_0_, user0_.city as city2_4_0_, user0_.multi_team as multi_te3_4_0_, user0_.name as name4_4_0_, user0_.path as path5_4_0_, user0_.team_id as team_id6_4_0_, user0_.user_code as user_cod7_4_0_, user0_.user_level as user_lev8_4_0_ from user user0_ where user0_.id=?
Hibernate: insert into user (id, city, multi_team, name, path, team_id, user_code, user_level) values (null, ?, ?, ?, ?, ?, ?, ?)
Hibernate: select user0_.id as id1_4_0_, user0_.city as city2_4_0_, user0_.multi_team as multi_te3_4_0_, user0_.name as name4_4_0_, user0_.path as path5_4_0_, user0_.team_id as team_id6_4_0_, user0_.user_code as user_cod7_4_0_, user0_.user_level as user_lev8_4_0_ from user user0_ where user0_.id=?
Hibernate: insert into user (id, city, multi_team, name, path, team_id, user_code, user_level) values (null, ?, ?, ?, ?, ?, ?, ?)
Hibernate: select user0_.id as id1_4_0_, user0_.city as city2_4_0_, user0_.multi_team as multi_te3_4_0_, user0_.name as name4_4_0_, user0_.path as path5_4_0_, user0_.team_id as team_id6_4_0_, user0_.user_code as user_cod7_4_0_, user0_.user_level as user_lev8_4_0_ from user user0_ where user0_.id=?
Hibernate: insert into user (id, city, multi_team, name, path, team_id, user_code, user_level) values (null, ?, ?, ?, ?, ?, ?, ?)
Hibernate: select user0_.id as id1_4_0_, user0_.city as city2_4_0_, user0_.multi_team as multi_te3_4_0_, user0_.name as name4_4_0_, user0_.path as path5_4_0_, user0_.team_id as team_id6_4_0_, user0_.user_code as user_cod7_4_0_, user0_.user_level as user_lev8_4_0_ from user user0_ where user0_.id=?
Hibernate: insert into user (id, city, multi_team, name, path, team_id, user_code, user_level) values (null, ?, ?, ?, ?, ?, ?, ?)
Hibernate: select bobticket0_.id as id1_1_0_, bobticket0_.bob_style as bob_styl2_1_0_, bobticket0_.bob_time_type as bob_time3_1_0_, bobticket0_.city as city4_1_0_, bobticket0_.date as date5_1_0_, bobticket0_.issued_order as issued_o6_1_0_, bobticket0_.time as time7_1_0_, bobticket0_.user_id as user_id8_1_0_ from bob_ticket bobticket0_ where bobticket0_.id=?
Hibernate: insert into bob_ticket (id, bob_style, bob_time_type, city, date, issued_order, time, user_id) values (null, ?, ?, ?, ?, ?, ?, ?)
Hibernate: select user0_.id as id1_4_0_, user0_.city as city2_4_0_, user0_.multi_team as multi_te3_4_0_, user0_.name as name4_4_0_, user0_.path as path5_4_0_, user0_.team_id as team_id6_4_0_, user0_.user_code as user_cod7_4_0_, user0_.user_level as user_lev8_4_0_ from user user0_ where user0_.id=?
Hibernate: select bobticket0_.id as id1_1_, bobticket0_.bob_style as bob_styl2_1_, bobticket0_.bob_time_type as bob_time3_1_, bobticket0_.city as city4_1_, bobticket0_.date as date5_1_, bobticket0_.issued_order as issued_o6_1_, bobticket0_.time as time7_1_, bobticket0_.user_id as user_id8_1_ from bob_ticket bobticket0_ where bobticket0_.user_id=? and bobticket0_.bob_time_type=? and bobticket0_.date=?
Hibernate: select bobticket0_.id as id1_1_, bobticket0_.bob_style as bob_styl2_1_, bobticket0_.bob_time_type as bob_time3_1_, bobticket0_.city as city4_1_, bobticket0_.date as date5_1_, bobticket0_.issued_order as issued_o6_1_, bobticket0_.time as time7_1_, bobticket0_.user_id as user_id8_1_ from bob_ticket bobticket0_
Hibernate: delete from bob_ticket where id=?
Hibernate: select user0_.id as id1_4_, user0_.city as city2_4_, user0_.multi_team as multi_te3_4_, user0_.name as name4_4_, user0_.path as path5_4_, user0_.team_id as team_id6_4_, user0_.user_code as user_cod7_4_, user0_.user_level as user_lev8_4_ from user user0_
Hibernate: delete from user where id=?
Hibernate: delete from user where id=?
Hibernate: delete from user where id=?
Hibernate: delete from user where id=?
Hibernate: select user0_.id as id1_4_0_, user0_.city as city2_4_0_, user0_.multi_team as multi_te3_4_0_, user0_.name as name4_4_0_, user0_.path as path5_4_0_, user0_.team_id as team_id6_4_0_, user0_.user_code as user_cod7_4_0_, user0_.user_level as user_lev8_4_0_ from user user0_ where user0_.id=?
Hibernate: insert into user (id, city, multi_team, name, path, team_id, user_code, user_level) values (null, ?, ?, ?, ?, ?, ?, ?)
Hibernate: select user0_.id as id1_4_0_, user0_.city as city2_4_0_, user0_.multi_team as multi_te3_4_0_, user0_.name as name4_4_0_, user0_.path as path5_4_0_, user0_.team_id as team_id6_4_0_, user0_.user_code as user_cod7_4_0_, user0_.user_level as user_lev8_4_0_ from user user0_ where user0_.id=?
Hibernate: insert into user (id, city, multi_team, name, path, team_id, user_code, user_level) values (null, ?, ?, ?, ?, ?, ?, ?)
Hibernate: select user0_.id as id1_4_0_, user0_.city as city2_4_0_, user0_.multi_team as multi_te3_4_0_, user0_.name as name4_4_0_, user0_.path as path5_4_0_, user0_.team_id as team_id6_4_0_, user0_.user_code as user_cod7_4_0_, user0_.user_level as user_lev8_4_0_ from user user0_ where user0_.id=?
Hibernate: insert into user (id, city, multi_team, name, path, team_id, user_code, user_level) values (null, ?, ?, ?, ?, ?, ?, ?)
Hibernate: select user0_.id as id1_4_0_, user0_.city as city2_4_0_, user0_.multi_team as multi_te3_4_0_, user0_.name as name4_4_0_, user0_.path as path5_4_0_, user0_.team_id as team_id6_4_0_, user0_.user_code as user_cod7_4_0_, user0_.user_level as user_lev8_4_0_ from user user0_ where user0_.id=?
Hibernate: insert into user (id, city, multi_team, name, path, team_id, user_code, user_level) values (null, ?, ?, ?, ?, ?, ?, ?)
Hibernate: select bobticket0_.id as id1_1_0_, bobticket0_.bob_style as bob_styl2_1_0_, bobticket0_.bob_time_type as bob_time3_1_0_, bobticket0_.city as city4_1_0_, bobticket0_.date as date5_1_0_, bobticket0_.issued_order as issued_o6_1_0_, bobticket0_.time as time7_1_0_, bobticket0_.user_id as user_id8_1_0_ from bob_ticket bobticket0_ where bobticket0_.id=?
Hibernate: insert into bob_ticket (id, bob_style, bob_time_type, city, date, issued_order, time, user_id) values (null, ?, ?, ?, ?, ?, ?, ?)
Hibernate: select user0_.id as id1_4_0_, user0_.city as city2_4_0_, user0_.multi_team as multi_te3_4_0_, user0_.name as name4_4_0_, user0_.path as path5_4_0_, user0_.team_id as team_id6_4_0_, user0_.user_code as user_cod7_4_0_, user0_.user_level as user_lev8_4_0_ from user user0_ where user0_.id=?
Hibernate: select bobticket0_.id as id1_1_, bobticket0_.bob_style as bob_styl2_1_, bobticket0_.bob_time_type as bob_time3_1_, bobticket0_.city as city4_1_, bobticket0_.date as date5_1_, bobticket0_.issued_order as issued_o6_1_, bobticket0_.time as time7_1_, bobticket0_.user_id as user_id8_1_ from bob_ticket bobticket0_ where bobticket0_.user_id=? and bobticket0_.bob_time_type=? and bobticket0_.date=?
Hibernate: select bobticket0_.id as id1_1_, bobticket0_.bob_style as bob_styl2_1_, bobticket0_.bob_time_type as bob_time3_1_, bobticket0_.city as city4_1_, bobticket0_.date as date5_1_, bobticket0_.issued_order as issued_o6_1_, bobticket0_.time as time7_1_, bobticket0_.user_id as user_id8_1_ from bob_ticket bobticket0_
Hibernate: delete from bob_ticket where id=?
Hibernate: select user0_.id as id1_4_, user0_.city as city2_4_, user0_.multi_team as multi_te3_4_, user0_.name as name4_4_, user0_.path as path5_4_, user0_.team_id as team_id6_4_, user0_.user_code as user_cod7_4_, user0_.user_level as user_lev8_4_ from user user0_
Hibernate: delete from user where id=?
Hibernate: delete from user where id=?
Hibernate: delete from user where id=?
Hibernate: delete from user where id=?
Hibernate: select user0_.id as id1_4_0_, user0_.city as city2_4_0_, user0_.multi_team as multi_te3_4_0_, user0_.name as name4_4_0_, user0_.path as path5_4_0_, user0_.team_id as team_id6_4_0_, user0_.user_code as user_cod7_4_0_, user0_.user_level as user_lev8_4_0_ from user user0_ where user0_.id=?
Hibernate: insert into user (id, city, multi_team, name, path, team_id, user_code, user_level) values (null, ?, ?, ?, ?, ?, ?, ?)
Hibernate: select user0_.id as id1_4_0_, user0_.city as city2_4_0_, user0_.multi_team as multi_te3_4_0_, user0_.name as name4_4_0_, user0_.path as path5_4_0_, user0_.team_id as team_id6_4_0_, user0_.user_code as user_cod7_4_0_, user0_.user_level as user_lev8_4_0_ from user user0_ where user0_.id=?
Hibernate: insert into user (id, city, multi_team, name, path, team_id, user_code, user_level) values (null, ?, ?, ?, ?, ?, ?, ?)
Hibernate: select user0_.id as id1_4_0_, user0_.city as city2_4_0_, user0_.multi_team as multi_te3_4_0_, user0_.name as name4_4_0_, user0_.path as path5_4_0_, user0_.team_id as team_id6_4_0_, user0_.user_code as user_cod7_4_0_, user0_.user_level as user_lev8_4_0_ from user user0_ where user0_.id=?
Hibernate: insert into user (id, city, multi_team, name, path, team_id, user_code, user_level) values (null, ?, ?, ?, ?, ?, ?, ?)
Hibernate: select user0_.id as id1_4_0_, user0_.city as city2_4_0_, user0_.multi_team as multi_te3_4_0_, user0_.name as name4_4_0_, user0_.path as path5_4_0_, user0_.team_id as team_id6_4_0_, user0_.user_code as user_cod7_4_0_, user0_.user_level as user_lev8_4_0_ from user user0_ where user0_.id=?
Hibernate: insert into user (id, city, multi_team, name, path, team_id, user_code, user_level) values (null, ?, ?, ?, ?, ?, ?, ?)
Hibernate: select bobticket0_.id as id1_1_, bobticket0_.bob_style as bob_styl2_1_, bobticket0_.bob_time_type as bob_time3_1_, bobticket0_.city as city4_1_, bobticket0_.date as date5_1_, bobticket0_.issued_order as issued_o6_1_, bobticket0_.time as time7_1_, bobticket0_.user_id as user_id8_1_ from bob_ticket bobticket0_ where bobticket0_.user_id=? and bobticket0_.bob_time_type=? and bobticket0_.date=?
Hibernate: select bobticket0_.id as id1_1_, bobticket0_.bob_style as bob_styl2_1_, bobticket0_.bob_time_type as bob_time3_1_, bobticket0_.city as city4_1_, bobticket0_.date as date5_1_, bobticket0_.issued_order as issued_o6_1_, bobticket0_.time as time7_1_, bobticket0_.user_id as user_id8_1_ from bob_ticket bobticket0_
Hibernate: select user0_.id as id1_4_, user0_.city as city2_4_, user0_.multi_team as multi_te3_4_, user0_.name as name4_4_, user0_.path as path5_4_, user0_.team_id as team_id6_4_, user0_.user_code as user_cod7_4_, user0_.user_level as user_lev8_4_ from user user0_
Hibernate: delete from user where id=?
Hibernate: delete from user where id=?
Hibernate: delete from user where id=?
Hibernate: delete from user where id=?
Hibernate: select user0_.id as id1_4_0_, user0_.city as city2_4_0_, user0_.multi_team as multi_te3_4_0_, user0_.name as name4_4_0_, user0_.path as path5_4_0_, user0_.team_id as team_id6_4_0_, user0_.user_code as user_cod7_4_0_, user0_.user_level as user_lev8_4_0_ from user user0_ where user0_.id=?
Hibernate: insert into user (id, city, multi_team, name, path, team_id, user_code, user_level) values (null, ?, ?, ?, ?, ?, ?, ?)
Hibernate: select user0_.id as id1_4_0_, user0_.city as city2_4_0_, user0_.multi_team as multi_te3_4_0_, user0_.name as name4_4_0_, user0_.path as path5_4_0_, user0_.team_id as team_id6_4_0_, user0_.user_code as user_cod7_4_0_, user0_.user_level as user_lev8_4_0_ from user user0_ where user0_.id=?
Hibernate: insert into user (id, city, multi_team, name, path, team_id, user_code, user_level) values (null, ?, ?, ?, ?, ?, ?, ?)
Hibernate: select user0_.id as id1_4_0_, user0_.city as city2_4_0_, user0_.multi_team as multi_te3_4_0_, user0_.name as name4_4_0_, user0_.path as path5_4_0_, user0_.team_id as team_id6_4_0_, user0_.user_code as user_cod7_4_0_, user0_.user_level as user_lev8_4_0_ from user user0_ where user0_.id=?
Hibernate: insert into user (id, city, multi_team, name, path, team_id, user_code, user_level) values (null, ?, ?, ?, ?, ?, ?, ?)
Hibernate: select user0_.id as id1_4_0_, user0_.city as city2_4_0_, user0_.multi_team as multi_te3_4_0_, user0_.name as name4_4_0_, user0_.path as path5_4_0_, user0_.team_id as team_id6_4_0_, user0_.user_code as user_cod7_4_0_, user0_.user_level as user_lev8_4_0_ from user user0_ where user0_.id=?
Hibernate: insert into user (id, city, multi_team, name, path, team_id, user_code, user_level) values (null, ?, ?, ?, ?, ?, ?, ?)
Hibernate: select bobticket0_.id as id1_1_0_, bobticket0_.bob_style as bob_styl2_1_0_, bobticket0_.bob_time_type as bob_time3_1_0_, bobticket0_.city as city4_1_0_, bobticket0_.date as date5_1_0_, bobticket0_.issued_order as issued_o6_1_0_, bobticket0_.time as time7_1_0_, bobticket0_.user_id as user_id8_1_0_ from bob_ticket bobticket0_ where bobticket0_.id=?
Hibernate: insert into bob_ticket (id, bob_style, bob_time_type, city, date, issued_order, time, user_id) values (null, ?, ?, ?, ?, ?, ?, ?)
Hibernate: select bobticket0_.id as id1_1_0_, bobticket0_.bob_style as bob_styl2_1_0_, bobticket0_.bob_time_type as bob_time3_1_0_, bobticket0_.city as city4_1_0_, bobticket0_.date as date5_1_0_, bobticket0_.issued_order as issued_o6_1_0_, bobticket0_.time as time7_1_0_, bobticket0_.user_id as user_id8_1_0_ from bob_ticket bobticket0_ where bobticket0_.id=?
Hibernate: insert into bob_ticket (id, bob_style, bob_time_type, city, date, issued_order, time, user_id) values (null, ?, ?, ?, ?, ?, ?, ?)
Hibernate: select bobticket0_.id as id1_1_, bobticket0_.bob_style as bob_styl2_1_, bobticket0_.bob_time_type as bob_time3_1_, bobticket0_.city as city4_1_, bobticket0_.date as date5_1_, bobticket0_.issued_order as issued_o6_1_, bobticket0_.time as time7_1_, bobticket0_.user_id as user_id8_1_ from bob_ticket bobticket0_ where bobticket0_.user_id=? and bobticket0_.bob_time_type=? and bobticket0_.date=?
Hibernate: delete from bob_ticket where id=?
Hibernate: select count(*) as col_0_0_ from bob_ticket bobticket0_
Hibernate: select bobticket0_.id as id1_1_, bobticket0_.bob_style as bob_styl2_1_, bobticket0_.bob_time_type as bob_time3_1_, bobticket0_.city as city4_1_, bobticket0_.date as date5_1_, bobticket0_.issued_order as issued_o6_1_, bobticket0_.time as time7_1_, bobticket0_.user_id as user_id8_1_ from bob_ticket bobticket0_
Hibernate: delete from bob_ticket where id=?
Hibernate: select user0_.id as id1_4_, user0_.city as city2_4_, user0_.multi_team as multi_te3_4_, user0_.name as name4_4_, user0_.path as path5_4_, user0_.team_id as team_id6_4_, user0_.user_code as user_cod7_4_, user0_.user_level as user_lev8_4_ from user user0_
Hibernate: delete from user where id=?
Hibernate: delete from user where id=?
Hibernate: delete from user where id=?
Hibernate: delete from user where id=?
Hibernate: select user0_.id as id1_4_0_, user0_.city as city2_4_0_, user0_.multi_team as multi_te3_4_0_, user0_.name as name4_4_0_, user0_.path as path5_4_0_, user0_.team_id as team_id6_4_0_, user0_.user_code as user_cod7_4_0_, user0_.user_level as user_lev8_4_0_ from user user0_ where user0_.id=?
Hibernate: insert into user (id, city, multi_team, name, path, team_id, user_code, user_level) values (null, ?, ?, ?, ?, ?, ?, ?)
Hibernate: select user0_.id as id1_4_0_, user0_.city as city2_4_0_, user0_.multi_team as multi_te3_4_0_, user0_.name as name4_4_0_, user0_.path as path5_4_0_, user0_.team_id as team_id6_4_0_, user0_.user_code as user_cod7_4_0_, user0_.user_level as user_lev8_4_0_ from user user0_ where user0_.id=?
Hibernate: insert into user (id, city, multi_team, name, path, team_id, user_code, user_level) values (null, ?, ?, ?, ?, ?, ?, ?)
Hibernate: select user0_.id as id1_4_0_, user0_.city as city2_4_0_, user0_.multi_team as multi_te3_4_0_, user0_.name as name4_4_0_, user0_.path as path5_4_0_, user0_.team_id as team_id6_4_0_, user0_.user_code as user_cod7_4_0_, user0_.user_level as user_lev8_4_0_ from user user0_ where user0_.id=?
Hibernate: insert into user (id, city, multi_team, name, path, team_id, user_code, user_level) values (null, ?, ?, ?, ?, ?, ?, ?)
Hibernate: select user0_.id as id1_4_0_, user0_.city as city2_4_0_, user0_.multi_team as multi_te3_4_0_, user0_.name as name4_4_0_, user0_.path as path5_4_0_, user0_.team_id as team_id6_4_0_, user0_.user_code as user_cod7_4_0_, user0_.user_level as user_lev8_4_0_ from user user0_ where user0_.id=?
Hibernate: insert into user (id, city, multi_team, name, path, team_id, user_code, user_level) values (null, ?, ?, ?, ?, ?, ?, ?)
Hibernate: select bobticket0_.id as id1_1_0_, bobticket0_.bob_style as bob_styl2_1_0_, bobticket0_.bob_time_type as bob_time3_1_0_, bobticket0_.city as city4_1_0_, bobticket0_.date as date5_1_0_, bobticket0_.issued_order as issued_o6_1_0_, bobticket0_.time as time7_1_0_, bobticket0_.user_id as user_id8_1_0_ from bob_ticket bobticket0_ where bobticket0_.id=?
Hibernate: insert into bob_ticket (id, bob_style, bob_time_type, city, date, issued_order, time, user_id) values (null, ?, ?, ?, ?, ?, ?, ?)
Hibernate: select user0_.id as id1_4_0_, user0_.city as city2_4_0_, user0_.multi_team as multi_te3_4_0_, user0_.name as name4_4_0_, user0_.path as path5_4_0_, user0_.team_id as team_id6_4_0_, user0_.user_code as user_cod7_4_0_, user0_.user_level as user_lev8_4_0_ from user user0_ where user0_.id=?
Hibernate: select bobticket0_.id as id1_1_, bobticket0_.bob_style as bob_styl2_1_, bobticket0_.bob_time_type as bob_time3_1_, bobticket0_.city as city4_1_, bobticket0_.date as date5_1_, bobticket0_.issued_order as issued_o6_1_, bobticket0_.time as time7_1_, bobticket0_.user_id as user_id8_1_ from bob_ticket bobticket0_ where bobticket0_.user_id=? and bobticket0_.bob_time_type=? and bobticket0_.date=?
Hibernate: select bobticket0_.id as id1_1_0_, bobticket0_.bob_style as bob_styl2_1_0_, bobticket0_.bob_time_type as bob_time3_1_0_, bobticket0_.city as city4_1_0_, bobticket0_.date as date5_1_0_, bobticket0_.issued_order as issued_o6_1_0_, bobticket0_.time as time7_1_0_, bobticket0_.user_id as user_id8_1_0_ from bob_ticket bobticket0_ where bobticket0_.id=?
Hibernate: insert into bob_ticket (id, bob_style, bob_time_type, city, date, issued_order, time, user_id) values (null, ?, ?, ?, ?, ?, ?, ?)
Hibernate: select count(*) as col_0_0_ from bob_ticket bobticket0_
Hibernate: select bobticket0_.id as id1_1_, bobticket0_.bob_style as bob_styl2_1_, bobticket0_.bob_time_type as bob_time3_1_, bobticket0_.city as city4_1_, bobticket0_.date as date5_1_, bobticket0_.issued_order as issued_o6_1_, bobticket0_.time as time7_1_, bobticket0_.user_id as user_id8_1_ from bob_ticket bobticket0_
Hibernate: delete from bob_ticket where id=?
Hibernate: delete from bob_ticket where id=?
Hibernate: select user0_.id as id1_4_, user0_.city as city2_4_, user0_.multi_team as multi_te3_4_, user0_.name as name4_4_, user0_.path as path5_4_, user0_.team_id as team_id6_4_, user0_.user_code as user_cod7_4_, user0_.user_level as user_lev8_4_ from user user0_
Hibernate: delete from user where id=?
Hibernate: delete from user where id=?
Hibernate: delete from user where id=?
Hibernate: delete from user where id=?
Hibernate: select user0_.id as id1_4_0_, user0_.city as city2_4_0_, user0_.multi_team as multi_te3_4_0_, user0_.name as name4_4_0_, user0_.path as path5_4_0_, user0_.team_id as team_id6_4_0_, user0_.user_code as user_cod7_4_0_, user0_.user_level as user_lev8_4_0_ from user user0_ where user0_.id=?
Hibernate: insert into user (id, city, multi_team, name, path, team_id, user_code, user_level) values (null, ?, ?, ?, ?, ?, ?, ?)
Hibernate: select user0_.id as id1_4_0_, user0_.city as city2_4_0_, user0_.multi_team as multi_te3_4_0_, user0_.name as name4_4_0_, user0_.path as path5_4_0_, user0_.team_id as team_id6_4_0_, user0_.user_code as user_cod7_4_0_, user0_.user_level as user_lev8_4_0_ from user user0_ where user0_.id=?
Hibernate: insert into user (id, city, multi_team, name, path, team_id, user_code, user_level) values (null, ?, ?, ?, ?, ?, ?, ?)
Hibernate: select user0_.id as id1_4_0_, user0_.city as city2_4_0_, user0_.multi_team as multi_te3_4_0_, user0_.name as name4_4_0_, user0_.path as path5_4_0_, user0_.team_id as team_id6_4_0_, user0_.user_code as user_cod7_4_0_, user0_.user_level as user_lev8_4_0_ from user user0_ where user0_.id=?
Hibernate: insert into user (id, city, multi_team, name, path, team_id, user_code, user_level) values (null, ?, ?, ?, ?, ?, ?, ?)
Hibernate: select user0_.id as id1_4_0_, user0_.city as city2_4_0_, user0_.multi_team as multi_te3_4_0_, user0_.name as name4_4_0_, user0_.path as path5_4_0_, user0_.team_id as team_id6_4_0_, user0_.user_code as user_cod7_4_0_, user0_.user_level as user_lev8_4_0_ from user user0_ where user0_.id=?
Hibernate: insert into user (id, city, multi_team, name, path, team_id, user_code, user_level) values (null, ?, ?, ?, ?, ?, ?, ?)
Hibernate: select user0_.id as id1_4_0_, user0_.city as city2_4_0_, user0_.multi_team as multi_te3_4_0_, user0_.name as name4_4_0_, user0_.path as path5_4_0_, user0_.team_id as team_id6_4_0_, user0_.user_code as user_cod7_4_0_, user0_.user_level as user_lev8_4_0_ from user user0_ where user0_.id=?
Hibernate: select bobticket0_.id as id1_1_, bobticket0_.bob_style as bob_styl2_1_, bobticket0_.bob_time_type as bob_time3_1_, bobticket0_.city as city4_1_, bobticket0_.date as date5_1_, bobticket0_.issued_order as issued_o6_1_, bobticket0_.time as time7_1_, bobticket0_.user_id as user_id8_1_ from bob_ticket bobticket0_ where bobticket0_.user_id=? and bobticket0_.bob_time_type=? and bobticket0_.date=?
Hibernate: select bobticket0_.id as id1_1_0_, bobticket0_.bob_style as bob_styl2_1_0_, bobticket0_.bob_time_type as bob_time3_1_0_, bobticket0_.city as city4_1_0_, bobticket0_.date as date5_1_0_, bobticket0_.issued_order as issued_o6_1_0_, bobticket0_.time as time7_1_0_, bobticket0_.user_id as user_id8_1_0_ from bob_ticket bobticket0_ where bobticket0_.id=?
Hibernate: insert into bob_ticket (id, bob_style, bob_time_type, city, date, issued_order, time, user_id) values (null, ?, ?, ?, ?, ?, ?, ?)
Hibernate: select count(*) as col_0_0_ from bob_ticket bobticket0_
Hibernate: select bobticket0_.id as id1_1_, bobticket0_.bob_style as bob_styl2_1_, bobticket0_.bob_time_type as bob_time3_1_, bobticket0_.city as city4_1_, bobticket0_.date as date5_1_, bobticket0_.issued_order as issued_o6_1_, bobticket0_.time as time7_1_, bobticket0_.user_id as user_id8_1_ from bob_ticket bobticket0_
Hibernate: delete from bob_ticket where id=?
Hibernate: select user0_.id as id1_4_, user0_.city as city2_4_, user0_.multi_team as multi_te3_4_, user0_.name as name4_4_, user0_.path as path5_4_, user0_.team_id as team_id6_4_, user0_.user_code as user_cod7_4_, user0_.user_level as user_lev8_4_ from user user0_
Hibernate: delete from user where id=?
Hibernate: delete from user where id=?
Hibernate: delete from user where id=?
Hibernate: delete from user where id=?
Hibernate: select user0_.id as id1_4_0_, user0_.city as city2_4_0_, user0_.multi_team as multi_te3_4_0_, user0_.name as name4_4_0_, user0_.path as path5_4_0_, user0_.team_id as team_id6_4_0_, user0_.user_code as user_cod7_4_0_, user0_.user_level as user_lev8_4_0_ from user user0_ where user0_.id=?
Hibernate: insert into user (id, city, multi_team, name, path, team_id, user_code, user_level) values (null, ?, ?, ?, ?, ?, ?, ?)
Hibernate: select user0_.id as id1_4_0_, user0_.city as city2_4_0_, user0_.multi_team as multi_te3_4_0_, user0_.name as name4_4_0_, user0_.path as path5_4_0_, user0_.team_id as team_id6_4_0_, user0_.user_code as user_cod7_4_0_, user0_.user_level as user_lev8_4_0_ from user user0_ where user0_.id=?
Hibernate: insert into user (id, city, multi_team, name, path, team_id, user_code, user_level) values (null, ?, ?, ?, ?, ?, ?, ?)
Hibernate: select user0_.id as id1_4_0_, user0_.city as city2_4_0_, user0_.multi_team as multi_te3_4_0_, user0_.name as name4_4_0_, user0_.path as path5_4_0_, user0_.team_id as team_id6_4_0_, user0_.user_code as user_cod7_4_0_, user0_.user_level as user_lev8_4_0_ from user user0_ where user0_.id=?
Hibernate: insert into user (id, city, multi_team, name, path, team_id, user_code, user_level) values (null, ?, ?, ?, ?, ?, ?, ?)
Hibernate: select user0_.id as id1_4_0_, user0_.city as city2_4_0_, user0_.multi_team as multi_te3_4_0_, user0_.name as name4_4_0_, user0_.path as path5_4_0_, user0_.team_id as team_id6_4_0_, user0_.user_code as user_cod7_4_0_, user0_.user_level as user_lev8_4_0_ from user user0_ where user0_.id=?
Hibernate: insert into user (id, city, multi_team, name, path, team_id, user_code, user_level) values (null, ?, ?, ?, ?, ?, ?, ?)
Hibernate: select bobticket0_.id as id1_1_0_, bobticket0_.bob_style as bob_styl2_1_0_, bobticket0_.bob_time_type as bob_time3_1_0_, bobticket0_.city as city4_1_0_, bobticket0_.date as date5_1_0_, bobticket0_.issued_order as issued_o6_1_0_, bobticket0_.time as time7_1_0_, bobticket0_.user_id as user_id8_1_0_ from bob_ticket bobticket0_ where bobticket0_.id=?
Hibernate: insert into bob_ticket (id, bob_style, bob_time_type, city, date, issued_order, time, user_id) values (null, ?, ?, ?, ?, ?, ?, ?)
Hibernate: select user0_.id as id1_4_0_, user0_.city as city2_4_0_, user0_.multi_team as multi_te3_4_0_, user0_.name as name4_4_0_, user0_.path as path5_4_0_, user0_.team_id as team_id6_4_0_, user0_.user_code as user_cod7_4_0_, user0_.user_level as user_lev8_4_0_ from user user0_ where user0_.id=?
Hibernate: select bobticket0_.id as id1_1_, bobticket0_.bob_style as bob_styl2_1_, bobticket0_.bob_time_type as bob_time3_1_, bobticket0_.city as city4_1_, bobticket0_.date as date5_1_, bobticket0_.issued_order as issued_o6_1_, bobticket0_.time as time7_1_, bobticket0_.user_id as user_id8_1_ from bob_ticket bobticket0_ where bobticket0_.user_id=? and bobticket0_.bob_time_type=? and bobticket0_.date=?
Hibernate: update bob_ticket set bob_style=?, bob_time_type=?, city=?, date=?, issued_order=?, time=?, user_id=? where id=?
Hibernate: select count(*) as col_0_0_ from bob_ticket bobticket0_
Hibernate: select bobticket0_.id as id1_1_, bobticket0_.bob_style as bob_styl2_1_, bobticket0_.bob_time_type as bob_time3_1_, bobticket0_.city as city4_1_, bobticket0_.date as date5_1_, bobticket0_.issued_order as issued_o6_1_, bobticket0_.time as time7_1_, bobticket0_.user_id as user_id8_1_ from bob_ticket bobticket0_
Hibernate: delete from bob_ticket where id=?
Hibernate: select user0_.id as id1_4_, user0_.city as city2_4_, user0_.multi_team as multi_te3_4_, user0_.name as name4_4_, user0_.path as path5_4_, user0_.team_id as team_id6_4_, user0_.user_code as user_cod7_4_, user0_.user_level as user_lev8_4_ from user user0_
Hibernate: delete from user where id=?
Hibernate: delete from user where id=?
Hibernate: delete from user where id=?
Hibernate: delete from user where id=?
Hibernate: select user0_.id as id1_4_0_, user0_.city as city2_4_0_, user0_.multi_team as multi_te3_4_0_, user0_.name as name4_4_0_, user0_.path as path5_4_0_, user0_.team_id as team_id6_4_0_, user0_.user_code as user_cod7_4_0_, user0_.user_level as user_lev8_4_0_ from user user0_ where user0_.id=?
Hibernate: insert into user (id, city, multi_team, name, path, team_id, user_code, user_level) values (null, ?, ?, ?, ?, ?, ?, ?)
Hibernate: select user0_.id as id1_4_0_, user0_.city as city2_4_0_, user0_.multi_team as multi_te3_4_0_, user0_.name as name4_4_0_, user0_.path as path5_4_0_, user0_.team_id as team_id6_4_0_, user0_.user_code as user_cod7_4_0_, user0_.user_level as user_lev8_4_0_ from user user0_ where user0_.id=?
Hibernate: insert into user (id, city, multi_team, name, path, team_id, user_code, user_level) values (null, ?, ?, ?, ?, ?, ?, ?)
Hibernate: select user0_.id as id1_4_0_, user0_.city as city2_4_0_, user0_.multi_team as multi_te3_4_0_, user0_.name as name4_4_0_, user0_.path as path5_4_0_, user0_.team_id as team_id6_4_0_, user0_.user_code as user_cod7_4_0_, user0_.user_level as user_lev8_4_0_ from user user0_ where user0_.id=?
Hibernate: insert into user (id, city, multi_team, name, path, team_id, user_code, user_level) values (null, ?, ?, ?, ?, ?, ?, ?)
Hibernate: select user0_.id as id1_4_0_, user0_.city as city2_4_0_, user0_.multi_team as multi_te3_4_0_, user0_.name as name4_4_0_, user0_.path as path5_4_0_, user0_.team_id as team_id6_4_0_, user0_.user_code as user_cod7_4_0_, user0_.user_level as user_lev8_4_0_ from user user0_ where user0_.id=?
Hibernate: insert into user (id, city, multi_team, name, path, team_id, user_code, user_level) values (null, ?, ?, ?, ?, ?, ?, ?)
Hibernate: select bobticket0_.id as id1_1_0_, bobticket0_.bob_style as bob_styl2_1_0_, bobticket0_.bob_time_type as bob_time3_1_0_, bobticket0_.city as city4_1_0_, bobticket0_.date as date5_1_0_, bobticket0_.issued_order as issued_o6_1_0_, bobticket0_.time as time7_1_0_, bobticket0_.user_id as user_id8_1_0_ from bob_ticket bobticket0_ where bobticket0_.id=?
Hibernate: insert into bob_ticket (id, bob_style, bob_time_type, city, date, issued_order, time, user_id) values (null, ?, ?, ?, ?, ?, ?, ?)
Hibernate: select user0_.id as id1_4_0_, user0_.city as city2_4_0_, user0_.multi_team as multi_te3_4_0_, user0_.name as name4_4_0_, user0_.path as path5_4_0_, user0_.team_id as team_id6_4_0_, user0_.user_code as user_cod7_4_0_, user0_.user_level as user_lev8_4_0_ from user user0_ where user0_.id=?
Hibernate: select bobticket0_.id as id1_1_, bobticket0_.bob_style as bob_styl2_1_, bobticket0_.bob_time_type as bob_time3_1_, bobticket0_.city as city4_1_, bobticket0_.date as date5_1_, bobticket0_.issued_order as issued_o6_1_, bobticket0_.time as time7_1_, bobticket0_.user_id as user_id8_1_ from bob_ticket bobticket0_ where bobticket0_.user_id=? and bobticket0_.bob_time_type=? and bobticket0_.date=?
Hibernate: update bob_ticket set bob_style=?, bob_time_type=?, city=?, date=?, issued_order=?, time=?, user_id=? where id=?
Hibernate: select count(*) as col_0_0_ from bob_ticket bobticket0_
Hibernate: select bobticket0_.id as id1_1_, bobticket0_.bob_style as bob_styl2_1_, bobticket0_.bob_time_type as bob_time3_1_, bobticket0_.city as city4_1_, bobticket0_.date as date5_1_, bobticket0_.issued_order as issued_o6_1_, bobticket0_.time as time7_1_, bobticket0_.user_id as user_id8_1_ from bob_ticket bobticket0_
Hibernate: delete from bob_ticket where id=?
Hibernate: select user0_.id as id1_4_, user0_.city as city2_4_, user0_.multi_team as multi_te3_4_, user0_.name as name4_4_, user0_.path as path5_4_, user0_.team_id as team_id6_4_, user0_.user_code as user_cod7_4_, user0_.user_level as user_lev8_4_ from user user0_
Hibernate: delete from user where id=?
Hibernate: delete from user where id=?
Hibernate: delete from user where id=?
Hibernate: delete from user where id=?
Hibernate: select user0_.id as id1_4_0_, user0_.city as city2_4_0_, user0_.multi_team as multi_te3_4_0_, user0_.name as name4_4_0_, user0_.path as path5_4_0_, user0_.team_id as team_id6_4_0_, user0_.user_code as user_cod7_4_0_, user0_.user_level as user_lev8_4_0_ from user user0_ where user0_.id=?
Hibernate: insert into user (id, city, multi_team, name, path, team_id, user_code, user_level) values (null, ?, ?, ?, ?, ?, ?, ?)
Hibernate: select user0_.id as id1_4_0_, user0_.city as city2_4_0_, user0_.multi_team as multi_te3_4_0_, user0_.name as name4_4_0_, user0_.path as path5_4_0_, user0_.team_id as team_id6_4_0_, user0_.user_code as user_cod7_4_0_, user0_.user_level as user_lev8_4_0_ from user user0_ where user0_.id=?
Hibernate: insert into user (id, city, multi_team, name, path, team_id, user_code, user_level) values (null, ?, ?, ?, ?, ?, ?, ?)
Hibernate: select user0_.id as id1_4_0_, user0_.city as city2_4_0_, user0_.multi_team as multi_te3_4_0_, user0_.name as name4_4_0_, user0_.path as path5_4_0_, user0_.team_id as team_id6_4_0_, user0_.user_code as user_cod7_4_0_, user0_.user_level as user_lev8_4_0_ from user user0_ where user0_.id=?
Hibernate: insert into user (id, city, multi_team, name, path, team_id, user_code, user_level) values (null, ?, ?, ?, ?, ?, ?, ?)
Hibernate: select user0_.id as id1_4_0_, user0_.city as city2_4_0_, user0_.multi_team as multi_te3_4_0_, user0_.name as name4_4_0_, user0_.path as path5_4_0_, user0_.team_id as team_id6_4_0_, user0_.user_code as user_cod7_4_0_, user0_.user_level as user_lev8_4_0_ from user user0_ where user0_.id=?
Hibernate: insert into user (id, city, multi_team, name, path, team_id, user_code, user_level) values (null, ?, ?, ?, ?, ?, ?, ?)
Hibernate: select bobticket0_.id as id1_1_0_, bobticket0_.bob_style as bob_styl2_1_0_, bobticket0_.bob_time_type as bob_time3_1_0_, bobticket0_.city as city4_1_0_, bobticket0_.date as date5_1_0_, bobticket0_.issued_order as issued_o6_1_0_, bobticket0_.time as time7_1_0_, bobticket0_.user_id as user_id8_1_0_ from bob_ticket bobticket0_ where bobticket0_.id=?
Hibernate: insert into bob_ticket (id, bob_style, bob_time_type, city, date, issued_order, time, user_id) values (null, ?, ?, ?, ?, ?, ?, ?)
Hibernate: select user0_.id as id1_4_0_, user0_.city as city2_4_0_, user0_.multi_team as multi_te3_4_0_, user0_.name as name4_4_0_, user0_.path as path5_4_0_, user0_.team_id as team_id6_4_0_, user0_.user_code as user_cod7_4_0_, user0_.user_level as user_lev8_4_0_ from user user0_ where user0_.id=?
Hibernate: select bobticket0_.id as id1_1_, bobticket0_.bob_style as bob_styl2_1_, bobticket0_.bob_time_type as bob_time3_1_, bobticket0_.city as city4_1_, bobticket0_.date as date5_1_, bobticket0_.issued_order as issued_o6_1_, bobticket0_.time as time7_1_, bobticket0_.user_id as user_id8_1_ from bob_ticket bobticket0_ where bobticket0_.user_id=? and bobticket0_.bob_time_type=? and bobticket0_.date=?
Hibernate: select bobticket0_.id as id1_1_0_, bobticket0_.bob_style as bob_styl2_1_0_, bobticket0_.bob_time_type as bob_time3_1_0_, bobticket0_.city as city4_1_0_, bobticket0_.date as date5_1_0_, bobticket0_.issued_order as issued_o6_1_0_, bobticket0_.time as time7_1_0_, bobticket0_.user_id as user_id8_1_0_ from bob_ticket bobticket0_ where bobticket0_.id=?
Hibernate: insert into bob_ticket (id, bob_style, bob_time_type, city, date, issued_order, time, user_id) values (null, ?, ?, ?, ?, ?, ?, ?)
Hibernate: select count(*) as col_0_0_ from bob_ticket bobticket0_
Hibernate: select bobticket0_.id as id1_1_, bobticket0_.bob_style as bob_styl2_1_, bobticket0_.bob_time_type as bob_time3_1_, bobticket0_.city as city4_1_, bobticket0_.date as date5_1_, bobticket0_.issued_order as issued_o6_1_, bobticket0_.time as time7_1_, bobticket0_.user_id as user_id8_1_ from bob_ticket bobticket0_
Hibernate: delete from bob_ticket where id=?
Hibernate: delete from bob_ticket where id=?
Hibernate: select user0_.id as id1_4_, user0_.city as city2_4_, user0_.multi_team as multi_te3_4_, user0_.name as name4_4_, user0_.path as path5_4_, user0_.team_id as team_id6_4_, user0_.user_code as user_cod7_4_, user0_.user_level as user_lev8_4_ from user user0_
Hibernate: delete from user where id=?
Hibernate: delete from user where id=?
Hibernate: delete from user where id=?
Hibernate: delete from user where id=?
Hibernate: select user0_.id as id1_4_0_, user0_.city as city2_4_0_, user0_.multi_team as multi_te3_4_0_, user0_.name as name4_4_0_, user0_.path as path5_4_0_, user0_.team_id as team_id6_4_0_, user0_.user_code as user_cod7_4_0_, user0_.user_level as user_lev8_4_0_ from user user0_ where user0_.id=?
Hibernate: insert into user (id, city, multi_team, name, path, team_id, user_code, user_level) values (null, ?, ?, ?, ?, ?, ?, ?)
Hibernate: select user0_.id as id1_4_0_, user0_.city as city2_4_0_, user0_.multi_team as multi_te3_4_0_, user0_.name as name4_4_0_, user0_.path as path5_4_0_, user0_.team_id as team_id6_4_0_, user0_.user_code as user_cod7_4_0_, user0_.user_level as user_lev8_4_0_ from user user0_ where user0_.id=?
Hibernate: insert into user (id, city, multi_team, name, path, team_id, user_code, user_level) values (null, ?, ?, ?, ?, ?, ?, ?)
Hibernate: select user0_.id as id1_4_0_, user0_.city as city2_4_0_, user0_.multi_team as multi_te3_4_0_, user0_.name as name4_4_0_, user0_.path as path5_4_0_, user0_.team_id as team_id6_4_0_, user0_.user_code as user_cod7_4_0_, user0_.user_level as user_lev8_4_0_ from user user0_ where user0_.id=?
Hibernate: insert into user (id, city, multi_team, name, path, team_id, user_code, user_level) values (null, ?, ?, ?, ?, ?, ?, ?)
Hibernate: select user0_.id as id1_4_0_, user0_.city as city2_4_0_, user0_.multi_team as multi_te3_4_0_, user0_.name as name4_4_0_, user0_.path as path5_4_0_, user0_.team_id as team_id6_4_0_, user0_.user_code as user_cod7_4_0_, user0_.user_level as user_lev8_4_0_ from user user0_ where user0_.id=?
Hibernate: insert into user (id, city, multi_team, name, path, team_id, user_code, user_level) values (null, ?, ?, ?, ?, ?, ?, ?)
Hibernate: select user0_.id as id1_4_0_, user0_.city as city2_4_0_, user0_.multi_team as multi_te3_4_0_, user0_.name as name4_4_0_, user0_.path as path5_4_0_, user0_.team_id as team_id6_4_0_, user0_.user_code as user_cod7_4_0_, user0_.user_level as user_lev8_4_0_ from user user0_ where user0_.id=?
Hibernate: select bobticket0_.id as id1_1_, bobticket0_.bob_style as bob_styl2_1_, bobticket0_.bob_time_type as bob_time3_1_, bobticket0_.city as city4_1_, bobticket0_.date as date5_1_, bobticket0_.issued_order as issued_o6_1_, bobticket0_.time as time7_1_, bobticket0_.user_id as user_id8_1_ from bob_ticket bobticket0_ where bobticket0_.user_id=? and bobticket0_.bob_time_type=? and bobticket0_.date=?
Hibernate: select bobticket0_.id as id1_1_0_, bobticket0_.bob_style as bob_styl2_1_0_, bobticket0_.bob_time_type as bob_time3_1_0_, bobticket0_.city as city4_1_0_, bobticket0_.date as date5_1_0_, bobticket0_.issued_order as issued_o6_1_0_, bobticket0_.time as time7_1_0_, bobticket0_.user_id as user_id8_1_0_ from bob_ticket bobticket0_ where bobticket0_.id=?
Hibernate: insert into bob_ticket (id, bob_style, bob_time_type, city, date, issued_order, time, user_id) values (null, ?, ?, ?, ?, ?, ?, ?)
Hibernate: select count(*) as col_0_0_ from bob_ticket bobticket0_
Hibernate: select bobticket0_.id as id1_1_, bobticket0_.bob_style as bob_styl2_1_, bobticket0_.bob_time_type as bob_time3_1_, bobticket0_.city as city4_1_, bobticket0_.date as date5_1_, bobticket0_.issued_order as issued_o6_1_, bobticket0_.time as time7_1_, bobticket0_.user_id as user_id8_1_ from bob_ticket bobticket0_
Hibernate: delete from bob_ticket where id=?
Hibernate: select user0_.id as id1_4_, user0_.city as city2_4_, user0_.multi_team as multi_te3_4_, user0_.name as name4_4_, user0_.path as path5_4_, user0_.team_id as team_id6_4_, user0_.user_code as user_cod7_4_, user0_.user_level as user_lev8_4_ from user user0_
Hibernate: delete from user where id=?
Hibernate: delete from user where id=?
Hibernate: delete from user where id=?
Hibernate: delete from user where id=?
Hibernate: select user0_.id as id1_4_0_, user0_.city as city2_4_0_, user0_.multi_team as multi_te3_4_0_, user0_.name as name4_4_0_, user0_.path as path5_4_0_, user0_.team_id as team_id6_4_0_, user0_.user_code as user_cod7_4_0_, user0_.user_level as user_lev8_4_0_ from user user0_ where user0_.id=?
Hibernate: insert into user (id, city, multi_team, name, path, team_id, user_code, user_level) values (null, ?, ?, ?, ?, ?, ?, ?)
Hibernate: select user0_.id as id1_4_0_, user0_.city as city2_4_0_, user0_.multi_team as multi_te3_4_0_, user0_.name as name4_4_0_, user0_.path as path5_4_0_, user0_.team_id as team_id6_4_0_, user0_.user_code as user_cod7_4_0_, user0_.user_level as user_lev8_4_0_ from user user0_ where user0_.id=?
Hibernate: insert into user (id, city, multi_team, name, path, team_id, user_code, user_level) values (null, ?, ?, ?, ?, ?, ?, ?)
Hibernate: select user0_.id as id1_4_0_, user0_.city as city2_4_0_, user0_.multi_team as multi_te3_4_0_, user0_.name as name4_4_0_, user0_.path as path5_4_0_, user0_.team_id as team_id6_4_0_, user0_.user_code as user_cod7_4_0_, user0_.user_level as user_lev8_4_0_ from user user0_ where user0_.id=?
Hibernate: insert into user (id, city, multi_team, name, path, team_id, user_code, user_level) values (null, ?, ?, ?, ?, ?, ?, ?)
Hibernate: select user0_.id as id1_4_0_, user0_.city as city2_4_0_, user0_.multi_team as multi_te3_4_0_, user0_.name as name4_4_0_, user0_.path as path5_4_0_, user0_.team_id as team_id6_4_0_, user0_.user_code as user_cod7_4_0_, user0_.user_level as user_lev8_4_0_ from user user0_ where user0_.id=?
Hibernate: insert into user (id, city, multi_team, name, path, team_id, user_code, user_level) values (null, ?, ?, ?, ?, ?, ?, ?)
Hibernate: select bobticket0_.id as id1_1_0_, bobticket0_.bob_style as bob_styl2_1_0_, bobticket0_.bob_time_type as bob_time3_1_0_, bobticket0_.city as city4_1_0_, bobticket0_.date as date5_1_0_, bobticket0_.issued_order as issued_o6_1_0_, bobticket0_.time as time7_1_0_, bobticket0_.user_id as user_id8_1_0_ from bob_ticket bobticket0_ where bobticket0_.id=?
Hibernate: insert into bob_ticket (id, bob_style, bob_time_type, city, date, issued_order, time, user_id) values (null, ?, ?, ?, ?, ?, ?, ?)
Hibernate: select user0_.id as id1_4_0_, user0_.city as city2_4_0_, user0_.multi_team as multi_te3_4_0_, user0_.name as name4_4_0_, user0_.path as path5_4_0_, user0_.team_id as team_id6_4_0_, user0_.user_code as user_cod7_4_0_, user0_.user_level as user_lev8_4_0_ from user user0_ where user0_.id=?
Hibernate: select bobticket0_.id as id1_1_, bobticket0_.bob_style as bob_styl2_1_, bobticket0_.bob_time_type as bob_time3_1_, bobticket0_.city as city4_1_, bobticket0_.date as date5_1_, bobticket0_.issued_order as issued_o6_1_, bobticket0_.time as time7_1_, bobticket0_.user_id as user_id8_1_ from bob_ticket bobticket0_ where bobticket0_.user_id=? and bobticket0_.bob_time_type=? and bobticket0_.date=?
Hibernate: select bobticket0_.id as id1_1_, bobticket0_.bob_style as bob_styl2_1_, bobticket0_.bob_time_type as bob_time3_1_, bobticket0_.city as city4_1_, bobticket0_.date as date5_1_, bobticket0_.issued_order as issued_o6_1_, bobticket0_.time as time7_1_, bobticket0_.user_id as user_id8_1_ from bob_ticket bobticket0_
Hibernate: delete from bob_ticket where id=?
Hibernate: select user0_.id as id1_4_, user0_.city as city2_4_, user0_.multi_team as multi_te3_4_, user0_.name as name4_4_, user0_.path as path5_4_, user0_.team_id as team_id6_4_, user0_.user_code as user_cod7_4_, user0_.user_level as user_lev8_4_ from user user0_
Hibernate: delete from user where id=?
Hibernate: delete from user where id=?
Hibernate: delete from user where id=?
Hibernate: delete from user where id=?
Hibernate: select user0_.id as id1_4_0_, user0_.city as city2_4_0_, user0_.multi_team as multi_te3_4_0_, user0_.name as name4_4_0_, user0_.path as path5_4_0_, user0_.team_id as team_id6_4_0_, user0_.user_code as user_cod7_4_0_, user0_.user_level as user_lev8_4_0_ from user user0_ where user0_.id=?
Hibernate: insert into user (id, city, multi_team, name, path, team_id, user_code, user_level) values (null, ?, ?, ?, ?, ?, ?, ?)
Hibernate: select user0_.id as id1_4_0_, user0_.city as city2_4_0_, user0_.multi_team as multi_te3_4_0_, user0_.name as name4_4_0_, user0_.path as path5_4_0_, user0_.team_id as team_id6_4_0_, user0_.user_code as user_cod7_4_0_, user0_.user_level as user_lev8_4_0_ from user user0_ where user0_.id=?
Hibernate: insert into user (id, city, multi_team, name, path, team_id, user_code, user_level) values (null, ?, ?, ?, ?, ?, ?, ?)
Hibernate: select user0_.id as id1_4_0_, user0_.city as city2_4_0_, user0_.multi_team as multi_te3_4_0_, user0_.name as name4_4_0_, user0_.path as path5_4_0_, user0_.team_id as team_id6_4_0_, user0_.user_code as user_cod7_4_0_, user0_.user_level as user_lev8_4_0_ from user user0_ where user0_.id=?
Hibernate: insert into user (id, city, multi_team, name, path, team_id, user_code, user_level) values (null, ?, ?, ?, ?, ?, ?, ?)
Hibernate: select user0_.id as id1_4_0_, user0_.city as city2_4_0_, user0_.multi_team as multi_te3_4_0_, user0_.name as name4_4_0_, user0_.path as path5_4_0_, user0_.team_id as team_id6_4_0_, user0_.user_code as user_cod7_4_0_, user0_.user_level as user_lev8_4_0_ from user user0_ where user0_.id=?
Hibernate: insert into user (id, city, multi_team, name, path, team_id, user_code, user_level) values (null, ?, ?, ?, ?, ?, ?, ?)
Hibernate: select bobticket0_.id as id1_1_0_, bobticket0_.bob_style as bob_styl2_1_0_, bobticket0_.bob_time_type as bob_time3_1_0_, bobticket0_.city as city4_1_0_, bobticket0_.date as date5_1_0_, bobticket0_.issued_order as issued_o6_1_0_, bobticket0_.time as time7_1_0_, bobticket0_.user_id as user_id8_1_0_ from bob_ticket bobticket0_ where bobticket0_.id=?
Hibernate: insert into bob_ticket (id, bob_style, bob_time_type, city, date, issued_order, time, user_id) values (null, ?, ?, ?, ?, ?, ?, ?)
Hibernate: select bobticket0_.id as id1_1_0_, bobticket0_.bob_style as bob_styl2_1_0_, bobticket0_.bob_time_type as bob_time3_1_0_, bobticket0_.city as city4_1_0_, bobticket0_.date as date5_1_0_, bobticket0_.issued_order as issued_o6_1_0_, bobticket0_.time as time7_1_0_, bobticket0_.user_id as user_id8_1_0_ from bob_ticket bobticket0_ where bobticket0_.id=?
Hibernate: insert into bob_ticket (id, bob_style, bob_time_type, city, date, issued_order, time, user_id) values (null, ?, ?, ?, ?, ?, ?, ?)
Hibernate: select user0_.id as id1_4_0_, user0_.city as city2_4_0_, user0_.multi_team as multi_te3_4_0_, user0_.name as name4_4_0_, user0_.path as path5_4_0_, user0_.team_id as team_id6_4_0_, user0_.user_code as user_cod7_4_0_, user0_.user_level as user_lev8_4_0_ from user user0_ where user0_.id=?
Hibernate: select bobticket0_.id as id1_1_, bobticket0_.bob_style as bob_styl2_1_, bobticket0_.bob_time_type as bob_time3_1_, bobticket0_.city as city4_1_, bobticket0_.date as date5_1_, bobticket0_.issued_order as issued_o6_1_, bobticket0_.time as time7_1_, bobticket0_.user_id as user_id8_1_ from bob_ticket bobticket0_ where bobticket0_.user_id=? and bobticket0_.bob_time_type=? and bobticket0_.date=?
Hibernate: select bobticket0_.id as id1_1_0_, bobticket0_.bob_style as bob_styl2_1_0_, bobticket0_.bob_time_type as bob_time3_1_0_, bobticket0_.city as city4_1_0_, bobticket0_.date as date5_1_0_, bobticket0_.issued_order as issued_o6_1_0_, bobticket0_.time as time7_1_0_, bobticket0_.user_id as user_id8_1_0_ from bob_ticket bobticket0_ where bobticket0_.id=?
Hibernate: insert into bob_ticket (id, bob_style, bob_time_type, city, date, issued_order, time, user_id) values (null, ?, ?, ?, ?, ?, ?, ?)
Hibernate: select count(*) as col_0_0_ from bob_ticket bobticket0_
Hibernate: select bobticket0_.id as id1_1_, bobticket0_.bob_style as bob_styl2_1_, bobticket0_.bob_time_type as bob_time3_1_, bobticket0_.city as city4_1_, bobticket0_.date as date5_1_, bobticket0_.issued_order as issued_o6_1_, bobticket0_.time as time7_1_, bobticket0_.user_id as user_id8_1_ from bob_ticket bobticket0_
Hibernate: delete from bob_ticket where id=?
Hibernate: delete from bob_ticket where id=?
Hibernate: delete from bob_ticket where id=?
Hibernate: select user0_.id as id1_4_, user0_.city as city2_4_, user0_.multi_team as multi_te3_4_, user0_.name as name4_4_, user0_.path as path5_4_, user0_.team_id as team_id6_4_, user0_.user_code as user_cod7_4_, user0_.user_level as user_lev8_4_ from user user0_
Hibernate: delete from user where id=?
Hibernate: delete from user where id=?
Hibernate: delete from user where id=?
Hibernate: delete from user where id=?
2021-03-23 16:29:19.366  INFO 22778 --- [    Test worker] o.s.t.c.transaction.TransactionContext   : Began transaction (1) for test context [DefaultTestContext@2efc01a9 testClass = TicketingTest, testInstance = com.catshi.bob.TicketingTest@6221b28f, testMethod = 이번 타임에 아무도 투표 안한 상황에서 투표했을 때 1등이 된다@TicketingTest, testException = [null], mergedContextConfiguration = [WebMergedContextConfiguration@33644237 testClass = TicketingTest, locations = '{}', classes = '{class com.catshi.bob.BobApplication}', contextInitializerClasses = '[]', activeProfiles = '{test}', propertySourceLocations = '{}', propertySourceProperties = '{org.springframework.boot.test.context.SpringBootTestContextBootstrapper=true}', contextCustomizers = set[org.springframework.boot.test.autoconfigure.actuate.metrics.MetricsExportContextCustomizerFactory$DisableMetricExportContextCustomizer@527316bf, org.springframework.boot.test.autoconfigure.properties.PropertyMappingContextCustomizer@4b3fa0b3, org.springframework.boot.test.autoconfigure.web.servlet.WebDriverContextCustomizerFactory$Customizer@419550b4, [ImportsContextCustomizer@76ab016f key = [org.springframework.boot.test.autoconfigure.web.servlet.MockMvcAutoConfiguration, org.springframework.boot.test.autoconfigure.web.servlet.MockMvcWebClientAutoConfiguration, org.springframework.boot.test.autoconfigure.web.servlet.MockMvcWebDriverAutoConfiguration, org.springframework.boot.autoconfigure.security.oauth2.client.servlet.OAuth2ClientAutoConfiguration, org.springframework.boot.autoconfigure.security.oauth2.resource.servlet.OAuth2ResourceServerAutoConfiguration, org.springframework.boot.autoconfigure.security.servlet.SecurityAutoConfiguration, org.springframework.boot.autoconfigure.security.servlet.SecurityFilterAutoConfiguration, org.springframework.boot.autoconfigure.security.servlet.UserDetailsServiceAutoConfiguration, org.springframework.boot.test.autoconfigure.web.servlet.MockMvcSecurityConfiguration]], org.springframework.boot.test.context.filter.ExcludeFilterContextCustomizer@50c6cfb2, org.springframework.boot.test.json.DuplicateJsonObjectContextCustomizerFactory$DuplicateJsonObjectContextCustomizer@4d6a6801, org.springframework.boot.test.mock.mockito.MockitoContextCustomizer@0, org.springframework.boot.test.web.client.TestRestTemplateContextCustomizer@fd5646d, org.springframework.boot.test.context.SpringBootTestArgs@1, org.springframework.boot.test.context.SpringBootTestWebEnvironment@1b77ec28], resourceBasePath = 'src/main/webapp', contextLoader = 'org.springframework.boot.test.context.SpringBootContextLoader', parent = [null]], attributes = map['org.springframework.test.context.web.ServletTestExecutionListener.activateListener' -> true, 'org.springframework.test.context.web.ServletTestExecutionListener.populatedRequestContextHolder' -> true, 'org.springframework.test.context.web.ServletTestExecutionListener.resetRequestContextHolder' -> true, 'org.springframework.test.context.event.ApplicationEventsTestExecutionListener.recordApplicationEvents' -> false]]; transaction manager [org.springframework.orm.jpa.JpaTransactionManager@794349b1]; rollback [true]
Hibernate: select user0_.id as id1_4_0_, user0_.city as city2_4_0_, user0_.multi_team as multi_te3_4_0_, user0_.name as name4_4_0_, user0_.path as path5_4_0_, user0_.team_id as team_id6_4_0_, user0_.user_code as user_cod7_4_0_, user0_.user_level as user_lev8_4_0_ from user user0_ where user0_.id=?
Hibernate: insert into user (id, city, multi_team, name, path, team_id, user_code, user_level) values (null, ?, ?, ?, ?, ?, ?, ?)
Hibernate: select user0_.id as id1_4_0_, user0_.city as city2_4_0_, user0_.multi_team as multi_te3_4_0_, user0_.name as name4_4_0_, user0_.path as path5_4_0_, user0_.team_id as team_id6_4_0_, user0_.user_code as user_cod7_4_0_, user0_.user_level as user_lev8_4_0_ from user user0_ where user0_.id=?
Hibernate: insert into user (id, city, multi_team, name, path, team_id, user_code, user_level) values (null, ?, ?, ?, ?, ?, ?, ?)
Hibernate: select user0_.id as id1_4_0_, user0_.city as city2_4_0_, user0_.multi_team as multi_te3_4_0_, user0_.name as name4_4_0_, user0_.path as path5_4_0_, user0_.team_id as team_id6_4_0_, user0_.user_code as user_cod7_4_0_, user0_.user_level as user_lev8_4_0_ from user user0_ where user0_.id=?
Hibernate: insert into user (id, city, multi_team, name, path, team_id, user_code, user_level) values (null, ?, ?, ?, ?, ?, ?, ?)
Hibernate: select user0_.id as id1_4_0_, user0_.city as city2_4_0_, user0_.multi_team as multi_te3_4_0_, user0_.name as name4_4_0_, user0_.path as path5_4_0_, user0_.team_id as team_id6_4_0_, user0_.user_code as user_cod7_4_0_, user0_.user_level as user_lev8_4_0_ from user user0_ where user0_.id=?
Hibernate: insert into user (id, city, multi_team, name, path, team_id, user_code, user_level) values (null, ?, ?, ?, ?, ?, ?, ?)
Hibernate: select bobticket0_.id as id1_1_, bobticket0_.bob_style as bob_styl2_1_, bobticket0_.bob_time_type as bob_time3_1_, bobticket0_.city as city4_1_, bobticket0_.date as date5_1_, bobticket0_.issued_order as issued_o6_1_, bobticket0_.time as time7_1_, bobticket0_.user_id as user_id8_1_ from bob_ticket bobticket0_ where bobticket0_.user_id=? and bobticket0_.bob_time_type=? and bobticket0_.date=?
Hibernate: select bobticket0_.id as id1_1_0_, bobticket0_.bob_style as bob_styl2_1_0_, bobticket0_.bob_time_type as bob_time3_1_0_, bobticket0_.city as city4_1_0_, bobticket0_.date as date5_1_0_, bobticket0_.issued_order as issued_o6_1_0_, bobticket0_.time as time7_1_0_, bobticket0_.user_id as user_id8_1_0_ from bob_ticket bobticket0_ where bobticket0_.id=?
Hibernate: insert into bob_ticket (id, bob_style, bob_time_type, city, date, issued_order, time, user_id) values (null, ?, ?, ?, ?, ?, ?, ?)
Hibernate: select bobticket0_.id as id1_1_, bobticket0_.bob_style as bob_styl2_1_, bobticket0_.bob_time_type as bob_time3_1_, bobticket0_.city as city4_1_, bobticket0_.date as date5_1_, bobticket0_.issued_order as issued_o6_1_, bobticket0_.time as time7_1_, bobticket0_.user_id as user_id8_1_ from bob_ticket bobticket0_ where bobticket0_.user_id=? and bobticket0_.bob_time_type=? and bobticket0_.date=?
Hibernate: select bobticket0_.id as id1_1_0_, bobticket0_.bob_style as bob_styl2_1_0_, bobticket0_.bob_time_type as bob_time3_1_0_, bobticket0_.city as city4_1_0_, bobticket0_.date as date5_1_0_, bobticket0_.issued_order as issued_o6_1_0_, bobticket0_.time as time7_1_0_, bobticket0_.user_id as user_id8_1_0_ from bob_ticket bobticket0_ where bobticket0_.id=?
Hibernate: insert into bob_ticket (id, bob_style, bob_time_type, city, date, issued_order, time, user_id) values (null, ?, ?, ?, ?, ?, ?, ?)
Hibernate: select bobticket0_.id as id1_1_, bobticket0_.bob_style as bob_styl2_1_, bobticket0_.bob_time_type as bob_time3_1_, bobticket0_.city as city4_1_, bobticket0_.date as date5_1_, bobticket0_.issued_order as issued_o6_1_, bobticket0_.time as time7_1_, bobticket0_.user_id as user_id8_1_ from bob_ticket bobticket0_ where bobticket0_.user_id=? and bobticket0_.bob_time_type=? and bobticket0_.date=?
Hibernate: select bobticket0_.id as id1_1_0_, bobticket0_.bob_style as bob_styl2_1_0_, bobticket0_.bob_time_type as bob_time3_1_0_, bobticket0_.city as city4_1_0_, bobticket0_.date as date5_1_0_, bobticket0_.issued_order as issued_o6_1_0_, bobticket0_.time as time7_1_0_, bobticket0_.user_id as user_id8_1_0_ from bob_ticket bobticket0_ where bobticket0_.id=?
Hibernate: insert into bob_ticket (id, bob_style, bob_time_type, city, date, issued_order, time, user_id) values (null, ?, ?, ?, ?, ?, ?, ?)
Hibernate: select bobticket0_.id as id1_1_, bobticket0_.bob_style as bob_styl2_1_, bobticket0_.bob_time_type as bob_time3_1_, bobticket0_.city as city4_1_, bobticket0_.date as date5_1_, bobticket0_.issued_order as issued_o6_1_, bobticket0_.time as time7_1_, bobticket0_.user_id as user_id8_1_ from bob_ticket bobticket0_ where bobticket0_.date=? and bobticket0_.bob_time_type=?
Hibernate: update bob_ticket set bob_style=?, bob_time_type=?, city=?, date=?, issued_order=?, time=?, user_id=? where id=?
Hibernate: select bobticket0_.id as id1_1_, bobticket0_.bob_style as bob_styl2_1_, bobticket0_.bob_time_type as bob_time3_1_, bobticket0_.city as city4_1_, bobticket0_.date as date5_1_, bobticket0_.issued_order as issued_o6_1_, bobticket0_.time as time7_1_, bobticket0_.user_id as user_id8_1_ from bob_ticket bobticket0_ where bobticket0_.date=? and bobticket0_.bob_time_type=?
Hibernate: select bobticket0_.id as id1_1_, bobticket0_.bob_style as bob_styl2_1_, bobticket0_.bob_time_type as bob_time3_1_, bobticket0_.city as city4_1_, bobticket0_.date as date5_1_, bobticket0_.issued_order as issued_o6_1_, bobticket0_.time as time7_1_, bobticket0_.user_id as user_id8_1_ from bob_ticket bobticket0_ where bobticket0_.date=? and bobticket0_.bob_time_type=?
3
Hibernate: select count(bobhistory0_.id) as col_0_0_ from bob_history bobhistory0_ cross join bob_ticket bobticket1_ where bobhistory0_.bob_ticket_id=bobticket1_.id and bobticket1_.date=? and bobticket1_.bob_time_type=?
0
Hibernate: select bobhistory0_.id as id1_0_, bobhistory0_.bob_team_number as bob_team2_0_, bobhistory0_.bob_ticket_id as bob_tick4_0_, bobhistory0_.is_bob_leader as is_bob_l3_0_ from bob_history bobhistory0_
Hibernate: select bobhistory0_.id as id1_0_0_, bobhistory0_.bob_team_number as bob_team2_0_0_, bobhistory0_.bob_ticket_id as bob_tick4_0_0_, bobhistory0_.is_bob_leader as is_bob_l3_0_0_ from bob_history bobhistory0_ where bobhistory0_.id=?
Hibernate: insert into bob_history (id, bob_team_number, bob_ticket_id, is_bob_leader) values (null, ?, ?, ?)
Hibernate: select bobhistory0_.id as id1_0_0_, bobhistory0_.bob_team_number as bob_team2_0_0_, bobhistory0_.bob_ticket_id as bob_tick4_0_0_, bobhistory0_.is_bob_leader as is_bob_l3_0_0_ from bob_history bobhistory0_ where bobhistory0_.id=?
Hibernate: insert into bob_history (id, bob_team_number, bob_ticket_id, is_bob_leader) values (null, ?, ?, ?)
Hibernate: select bobhistory0_.id as id1_0_0_, bobhistory0_.bob_team_number as bob_team2_0_0_, bobhistory0_.bob_ticket_id as bob_tick4_0_0_, bobhistory0_.is_bob_leader as is_bob_l3_0_0_ from bob_history bobhistory0_ where bobhistory0_.id=?
Hibernate: insert into bob_history (id, bob_team_number, bob_ticket_id, is_bob_leader) values (null, ?, ?, ?)
Hibernate: select bobticket0_.id as id1_1_, bobticket0_.bob_style as bob_styl2_1_, bobticket0_.bob_time_type as bob_time3_1_, bobticket0_.city as city4_1_, bobticket0_.date as date5_1_, bobticket0_.issued_order as issued_o6_1_, bobticket0_.time as time7_1_, bobticket0_.user_id as user_id8_1_ from bob_ticket bobticket0_
Hibernate: select user0_.id as id1_4_, user0_.city as city2_4_, user0_.multi_team as multi_te3_4_, user0_.name as name4_4_, user0_.path as path5_4_, user0_.team_id as team_id6_4_, user0_.user_code as user_cod7_4_, user0_.user_level as user_lev8_4_ from user user0_
2021-03-23 16:29:19.421  INFO 22778 --- [    Test worker] o.s.t.c.transaction.TransactionContext   : Rolled back transaction for test: [DefaultTestContext@2efc01a9 testClass = TicketingTest, testInstance = com.catshi.bob.TicketingTest@6221b28f, testMethod = 이번 타임에 아무도 투표 안한 상황에서 투표했을 때 1등이 된다@TicketingTest, testException = [null], mergedContextConfiguration = [WebMergedContextConfiguration@33644237 testClass = TicketingTest, locations = '{}', classes = '{class com.catshi.bob.BobApplication}', contextInitializerClasses = '[]', activeProfiles = '{test}', propertySourceLocations = '{}', propertySourceProperties = '{org.springframework.boot.test.context.SpringBootTestContextBootstrapper=true}', contextCustomizers = set[org.springframework.boot.test.autoconfigure.actuate.metrics.MetricsExportContextCustomizerFactory$DisableMetricExportContextCustomizer@527316bf, org.springframework.boot.test.autoconfigure.properties.PropertyMappingContextCustomizer@4b3fa0b3, org.springframework.boot.test.autoconfigure.web.servlet.WebDriverContextCustomizerFactory$Customizer@419550b4, [ImportsContextCustomizer@76ab016f key = [org.springframework.boot.test.autoconfigure.web.servlet.MockMvcAutoConfiguration, org.springframework.boot.test.autoconfigure.web.servlet.MockMvcWebClientAutoConfiguration, org.springframework.boot.test.autoconfigure.web.servlet.MockMvcWebDriverAutoConfiguration, org.springframework.boot.autoconfigure.security.oauth2.client.servlet.OAuth2ClientAutoConfiguration, org.springframework.boot.autoconfigure.security.oauth2.resource.servlet.OAuth2ResourceServerAutoConfiguration, org.springframework.boot.autoconfigure.security.servlet.SecurityAutoConfiguration, org.springframework.boot.autoconfigure.security.servlet.SecurityFilterAutoConfiguration, org.springframework.boot.autoconfigure.security.servlet.UserDetailsServiceAutoConfiguration, org.springframework.boot.test.autoconfigure.web.servlet.MockMvcSecurityConfiguration]], org.springframework.boot.test.context.filter.ExcludeFilterContextCustomizer@50c6cfb2, org.springframework.boot.test.json.DuplicateJsonObjectContextCustomizerFactory$DuplicateJsonObjectContextCustomizer@4d6a6801, org.springframework.boot.test.mock.mockito.MockitoContextCustomizer@0, org.springframework.boot.test.web.client.TestRestTemplateContextCustomizer@fd5646d, org.springframework.boot.test.context.SpringBootTestArgs@1, org.springframework.boot.test.context.SpringBootTestWebEnvironment@1b77ec28], resourceBasePath = 'src/main/webapp', contextLoader = 'org.springframework.boot.test.context.SpringBootContextLoader', parent = [null]], attributes = map['org.springframework.test.context.web.ServletTestExecutionListener.activateListener' -> true, 'org.springframework.test.context.web.ServletTestExecutionListener.populatedRequestContextHolder' -> true, 'org.springframework.test.context.web.ServletTestExecutionListener.resetRequestContextHolder' -> true, 'org.springframework.test.context.event.ApplicationEventsTestExecutionListener.recordApplicationEvents' -> false]]
Hibernate: select user0_.id as id1_4_0_, user0_.city as city2_4_0_, user0_.multi_team as multi_te3_4_0_, user0_.name as name4_4_0_, user0_.path as path5_4_0_, user0_.team_id as team_id6_4_0_, user0_.user_code as user_cod7_4_0_, user0_.user_level as user_lev8_4_0_ from user user0_ where user0_.id=?
Hibernate: insert into user (id, city, multi_team, name, path, team_id, user_code, user_level) values (null, ?, ?, ?, ?, ?, ?, ?)
Hibernate: select user0_.id as id1_4_0_, user0_.city as city2_4_0_, user0_.multi_team as multi_te3_4_0_, user0_.name as name4_4_0_, user0_.path as path5_4_0_, user0_.team_id as team_id6_4_0_, user0_.user_code as user_cod7_4_0_, user0_.user_level as user_lev8_4_0_ from user user0_ where user0_.id=?
Hibernate: insert into user (id, city, multi_team, name, path, team_id, user_code, user_level) values (null, ?, ?, ?, ?, ?, ?, ?)
Hibernate: select user0_.id as id1_4_0_, user0_.city as city2_4_0_, user0_.multi_team as multi_te3_4_0_, user0_.name as name4_4_0_, user0_.path as path5_4_0_, user0_.team_id as team_id6_4_0_, user0_.user_code as user_cod7_4_0_, user0_.user_level as user_lev8_4_0_ from user user0_ where user0_.id=?
Hibernate: insert into user (id, city, multi_team, name, path, team_id, user_code, user_level) values (null, ?, ?, ?, ?, ?, ?, ?)
Hibernate: select user0_.id as id1_4_0_, user0_.city as city2_4_0_, user0_.multi_team as multi_te3_4_0_, user0_.name as name4_4_0_, user0_.path as path5_4_0_, user0_.team_id as team_id6_4_0_, user0_.user_code as user_cod7_4_0_, user0_.user_level as user_lev8_4_0_ from user user0_ where user0_.id=?
Hibernate: insert into user (id, city, multi_team, name, path, team_id, user_code, user_level) values (null, ?, ?, ?, ?, ?, ?, ?)
Hibernate: select bobticket0_.id as id1_1_0_, bobticket0_.bob_style as bob_styl2_1_0_, bobticket0_.bob_time_type as bob_time3_1_0_, bobticket0_.city as city4_1_0_, bobticket0_.date as date5_1_0_, bobticket0_.issued_order as issued_o6_1_0_, bobticket0_.time as time7_1_0_, bobticket0_.user_id as user_id8_1_0_ from bob_ticket bobticket0_ where bobticket0_.id=?
Hibernate: insert into bob_ticket (id, bob_style, bob_time_type, city, date, issued_order, time, user_id) values (null, ?, ?, ?, ?, ?, ?, ?)
Hibernate: select user0_.id as id1_4_0_, user0_.city as city2_4_0_, user0_.multi_team as multi_te3_4_0_, user0_.name as name4_4_0_, user0_.path as path5_4_0_, user0_.team_id as team_id6_4_0_, user0_.user_code as user_cod7_4_0_, user0_.user_level as user_lev8_4_0_ from user user0_ where user0_.id=?
Hibernate: select bobticket0_.id as id1_1_, bobticket0_.bob_style as bob_styl2_1_, bobticket0_.bob_time_type as bob_time3_1_, bobticket0_.city as city4_1_, bobticket0_.date as date5_1_, bobticket0_.issued_order as issued_o6_1_, bobticket0_.time as time7_1_, bobticket0_.user_id as user_id8_1_ from bob_ticket bobticket0_ where bobticket0_.user_id=? and bobticket0_.bob_time_type=? and bobticket0_.date=?
Hibernate: select bobticket0_.id as id1_1_, bobticket0_.bob_style as bob_styl2_1_, bobticket0_.bob_time_type as bob_time3_1_, bobticket0_.city as city4_1_, bobticket0_.date as date5_1_, bobticket0_.issued_order as issued_o6_1_, bobticket0_.time as time7_1_, bobticket0_.user_id as user_id8_1_ from bob_ticket bobticket0_
Hibernate: delete from bob_ticket where id=?
Hibernate: select user0_.id as id1_4_, user0_.city as city2_4_, user0_.multi_team as multi_te3_4_, user0_.name as name4_4_, user0_.path as path5_4_, user0_.team_id as team_id6_4_, user0_.user_code as user_cod7_4_, user0_.user_level as user_lev8_4_ from user user0_
Hibernate: delete from user where id=?
Hibernate: delete from user where id=?
Hibernate: delete from user where id=?
Hibernate: delete from user where id=?
Hibernate: select user0_.id as id1_4_0_, user0_.city as city2_4_0_, user0_.multi_team as multi_te3_4_0_, user0_.name as name4_4_0_, user0_.path as path5_4_0_, user0_.team_id as team_id6_4_0_, user0_.user_code as user_cod7_4_0_, user0_.user_level as user_lev8_4_0_ from user user0_ where user0_.id=?
Hibernate: insert into user (id, city, multi_team, name, path, team_id, user_code, user_level) values (null, ?, ?, ?, ?, ?, ?, ?)
Hibernate: select user0_.id as id1_4_0_, user0_.city as city2_4_0_, user0_.multi_team as multi_te3_4_0_, user0_.name as name4_4_0_, user0_.path as path5_4_0_, user0_.team_id as team_id6_4_0_, user0_.user_code as user_cod7_4_0_, user0_.user_level as user_lev8_4_0_ from user user0_ where user0_.id=?
Hibernate: insert into user (id, city, multi_team, name, path, team_id, user_code, user_level) values (null, ?, ?, ?, ?, ?, ?, ?)
Hibernate: select user0_.id as id1_4_0_, user0_.city as city2_4_0_, user0_.multi_team as multi_te3_4_0_, user0_.name as name4_4_0_, user0_.path as path5_4_0_, user0_.team_id as team_id6_4_0_, user0_.user_code as user_cod7_4_0_, user0_.user_level as user_lev8_4_0_ from user user0_ where user0_.id=?
Hibernate: insert into user (id, city, multi_team, name, path, team_id, user_code, user_level) values (null, ?, ?, ?, ?, ?, ?, ?)
Hibernate: select user0_.id as id1_4_0_, user0_.city as city2_4_0_, user0_.multi_team as multi_te3_4_0_, user0_.name as name4_4_0_, user0_.path as path5_4_0_, user0_.team_id as team_id6_4_0_, user0_.user_code as user_cod7_4_0_, user0_.user_level as user_lev8_4_0_ from user user0_ where user0_.id=?
Hibernate: insert into user (id, city, multi_team, name, path, team_id, user_code, user_level) values (null, ?, ?, ?, ?, ?, ?, ?)
Hibernate: select bobticket0_.id as id1_1_0_, bobticket0_.bob_style as bob_styl2_1_0_, bobticket0_.bob_time_type as bob_time3_1_0_, bobticket0_.city as city4_1_0_, bobticket0_.date as date5_1_0_, bobticket0_.issued_order as issued_o6_1_0_, bobticket0_.time as time7_1_0_, bobticket0_.user_id as user_id8_1_0_ from bob_ticket bobticket0_ where bobticket0_.id=?
Hibernate: insert into bob_ticket (id, bob_style, bob_time_type, city, date, issued_order, time, user_id) values (null, ?, ?, ?, ?, ?, ?, ?)
Hibernate: select bobticket0_.id as id1_1_0_, bobticket0_.bob_style as bob_styl2_1_0_, bobticket0_.bob_time_type as bob_time3_1_0_, bobticket0_.city as city4_1_0_, bobticket0_.date as date5_1_0_, bobticket0_.issued_order as issued_o6_1_0_, bobticket0_.time as time7_1_0_, bobticket0_.user_id as user_id8_1_0_ from bob_ticket bobticket0_ where bobticket0_.id=?
Hibernate: insert into bob_ticket (id, bob_style, bob_time_type, city, date, issued_order, time, user_id) values (null, ?, ?, ?, ?, ?, ?, ?)
Hibernate: select user0_.id as id1_4_0_, user0_.city as city2_4_0_, user0_.multi_team as multi_te3_4_0_, user0_.name as name4_4_0_, user0_.path as path5_4_0_, user0_.team_id as team_id6_4_0_, user0_.user_code as user_cod7_4_0_, user0_.user_level as user_lev8_4_0_ from user user0_ where user0_.id=?
Hibernate: select bobticket0_.id as id1_1_, bobticket0_.bob_style as bob_styl2_1_, bobticket0_.bob_time_type as bob_time3_1_, bobticket0_.city as city4_1_, bobticket0_.date as date5_1_, bobticket0_.issued_order as issued_o6_1_, bobticket0_.time as time7_1_, bobticket0_.user_id as user_id8_1_ from bob_ticket bobticket0_ where bobticket0_.user_id=? and bobticket0_.bob_time_type=? and bobticket0_.date=?
Hibernate: select bobticket0_.id as id1_1_0_, bobticket0_.bob_style as bob_styl2_1_0_, bobticket0_.bob_time_type as bob_time3_1_0_, bobticket0_.city as city4_1_0_, bobticket0_.date as date5_1_0_, bobticket0_.issued_order as issued_o6_1_0_, bobticket0_.time as time7_1_0_, bobticket0_.user_id as user_id8_1_0_ from bob_ticket bobticket0_ where bobticket0_.id=?
Hibernate: insert into bob_ticket (id, bob_style, bob_time_type, city, date, issued_order, time, user_id) values (null, ?, ?, ?, ?, ?, ?, ?)
Hibernate: select count(*) as col_0_0_ from bob_ticket bobticket0_
Hibernate: select bobticket0_.id as id1_1_, bobticket0_.bob_style as bob_styl2_1_, bobticket0_.bob_time_type as bob_time3_1_, bobticket0_.city as city4_1_, bobticket0_.date as date5_1_, bobticket0_.issued_order as issued_o6_1_, bobticket0_.time as time7_1_, bobticket0_.user_id as user_id8_1_ from bob_ticket bobticket0_
Hibernate: delete from bob_ticket where id=?
Hibernate: delete from bob_ticket where id=?
Hibernate: delete from bob_ticket where id=?
Hibernate: select user0_.id as id1_4_, user0_.city as city2_4_, user0_.multi_team as multi_te3_4_, user0_.name as name4_4_, user0_.path as path5_4_, user0_.team_id as team_id6_4_, user0_.user_code as user_cod7_4_, user0_.user_level as user_lev8_4_ from user user0_
Hibernate: delete from user where id=?
Hibernate: delete from user where id=?
Hibernate: delete from user where id=?
Hibernate: delete from user where id=?
Hibernate: select user0_.id as id1_4_0_, user0_.city as city2_4_0_, user0_.multi_team as multi_te3_4_0_, user0_.name as name4_4_0_, user0_.path as path5_4_0_, user0_.team_id as team_id6_4_0_, user0_.user_code as user_cod7_4_0_, user0_.user_level as user_lev8_4_0_ from user user0_ where user0_.id=?
Hibernate: insert into user (id, city, multi_team, name, path, team_id, user_code, user_level) values (null, ?, ?, ?, ?, ?, ?, ?)
Hibernate: select user0_.id as id1_4_0_, user0_.city as city2_4_0_, user0_.multi_team as multi_te3_4_0_, user0_.name as name4_4_0_, user0_.path as path5_4_0_, user0_.team_id as team_id6_4_0_, user0_.user_code as user_cod7_4_0_, user0_.user_level as user_lev8_4_0_ from user user0_ where user0_.id=?
Hibernate: insert into user (id, city, multi_team, name, path, team_id, user_code, user_level) values (null, ?, ?, ?, ?, ?, ?, ?)
Hibernate: select user0_.id as id1_4_0_, user0_.city as city2_4_0_, user0_.multi_team as multi_te3_4_0_, user0_.name as name4_4_0_, user0_.path as path5_4_0_, user0_.team_id as team_id6_4_0_, user0_.user_code as user_cod7_4_0_, user0_.user_level as user_lev8_4_0_ from user user0_ where user0_.id=?
Hibernate: insert into user (id, city, multi_team, name, path, team_id, user_code, user_level) values (null, ?, ?, ?, ?, ?, ?, ?)
Hibernate: select user0_.id as id1_4_0_, user0_.city as city2_4_0_, user0_.multi_team as multi_te3_4_0_, user0_.name as name4_4_0_, user0_.path as path5_4_0_, user0_.team_id as team_id6_4_0_, user0_.user_code as user_cod7_4_0_, user0_.user_level as user_lev8_4_0_ from user user0_ where user0_.id=?
Hibernate: insert into user (id, city, multi_team, name, path, team_id, user_code, user_level) values (null, ?, ?, ?, ?, ?, ?, ?)
Hibernate: select bobticket0_.id as id1_1_0_, bobticket0_.bob_style as bob_styl2_1_0_, bobticket0_.bob_time_type as bob_time3_1_0_, bobticket0_.city as city4_1_0_, bobticket0_.date as date5_1_0_, bobticket0_.issued_order as issued_o6_1_0_, bobticket0_.time as time7_1_0_, bobticket0_.user_id as user_id8_1_0_ from bob_ticket bobticket0_ where bobticket0_.id=?
Hibernate: insert into bob_ticket (id, bob_style, bob_time_type, city, date, issued_order, time, user_id) values (null, ?, ?, ?, ?, ?, ?, ?)
Hibernate: select bobticket0_.id as id1_1_0_, bobticket0_.bob_style as bob_styl2_1_0_, bobticket0_.bob_time_type as bob_time3_1_0_, bobticket0_.city as city4_1_0_, bobticket0_.date as date5_1_0_, bobticket0_.issued_order as issued_o6_1_0_, bobticket0_.time as time7_1_0_, bobticket0_.user_id as user_id8_1_0_ from bob_ticket bobticket0_ where bobticket0_.id=?
Hibernate: insert into bob_ticket (id, bob_style, bob_time_type, city, date, issued_order, time, user_id) values (null, ?, ?, ?, ?, ?, ?, ?)
Hibernate: select user0_.id as id1_4_0_, user0_.city as city2_4_0_, user0_.multi_team as multi_te3_4_0_, user0_.name as name4_4_0_, user0_.path as path5_4_0_, user0_.team_id as team_id6_4_0_, user0_.user_code as user_cod7_4_0_, user0_.user_level as user_lev8_4_0_ from user user0_ where user0_.id=?
Hibernate: select bobticket0_.id as id1_1_, bobticket0_.bob_style as bob_styl2_1_, bobticket0_.bob_time_type as bob_time3_1_, bobticket0_.city as city4_1_, bobticket0_.date as date5_1_, bobticket0_.issued_order as issued_o6_1_, bobticket0_.time as time7_1_, bobticket0_.user_id as user_id8_1_ from bob_ticket bobticket0_ where bobticket0_.user_id=? and bobticket0_.bob_time_type=? and bobticket0_.date=?
Hibernate: select bobticket0_.id as id1_1_0_, bobticket0_.bob_style as bob_styl2_1_0_, bobticket0_.bob_time_type as bob_time3_1_0_, bobticket0_.city as city4_1_0_, bobticket0_.date as date5_1_0_, bobticket0_.issued_order as issued_o6_1_0_, bobticket0_.time as time7_1_0_, bobticket0_.user_id as user_id8_1_0_ from bob_ticket bobticket0_ where bobticket0_.id=?
Hibernate: insert into bob_ticket (id, bob_style, bob_time_type, city, date, issued_order, time, user_id) values (null, ?, ?, ?, ?, ?, ?, ?)
Hibernate: select bobticket0_.id as id1_1_, bobticket0_.bob_style as bob_styl2_1_, bobticket0_.bob_time_type as bob_time3_1_, bobticket0_.city as city4_1_, bobticket0_.date as date5_1_, bobticket0_.issued_order as issued_o6_1_, bobticket0_.time as time7_1_, bobticket0_.user_id as user_id8_1_ from bob_ticket bobticket0_
Hibernate: delete from bob_ticket where id=?
Hibernate: delete from bob_ticket where id=?
Hibernate: delete from bob_ticket where id=?
Hibernate: select user0_.id as id1_4_, user0_.city as city2_4_, user0_.multi_team as multi_te3_4_, user0_.name as name4_4_, user0_.path as path5_4_, user0_.team_id as team_id6_4_, user0_.user_code as user_cod7_4_, user0_.user_level as user_lev8_4_ from user user0_
Hibernate: delete from user where id=?
Hibernate: delete from user where id=?
Hibernate: delete from user where id=?
Hibernate: delete from user where id=?
Hibernate: select user0_.id as id1_4_0_, user0_.city as city2_4_0_, user0_.multi_team as multi_te3_4_0_, user0_.name as name4_4_0_, user0_.path as path5_4_0_, user0_.team_id as team_id6_4_0_, user0_.user_code as user_cod7_4_0_, user0_.user_level as user_lev8_4_0_ from user user0_ where user0_.id=?
Hibernate: insert into user (id, city, multi_team, name, path, team_id, user_code, user_level) values (null, ?, ?, ?, ?, ?, ?, ?)
Hibernate: select user0_.id as id1_4_0_, user0_.city as city2_4_0_, user0_.multi_team as multi_te3_4_0_, user0_.name as name4_4_0_, user0_.path as path5_4_0_, user0_.team_id as team_id6_4_0_, user0_.user_code as user_cod7_4_0_, user0_.user_level as user_lev8_4_0_ from user user0_ where user0_.id=?
Hibernate: insert into user (id, city, multi_team, name, path, team_id, user_code, user_level) values (null, ?, ?, ?, ?, ?, ?, ?)
Hibernate: select user0_.id as id1_4_0_, user0_.city as city2_4_0_, user0_.multi_team as multi_te3_4_0_, user0_.name as name4_4_0_, user0_.path as path5_4_0_, user0_.team_id as team_id6_4_0_, user0_.user_code as user_cod7_4_0_, user0_.user_level as user_lev8_4_0_ from user user0_ where user0_.id=?
Hibernate: insert into user (id, city, multi_team, name, path, team_id, user_code, user_level) values (null, ?, ?, ?, ?, ?, ?, ?)
Hibernate: select user0_.id as id1_4_0_, user0_.city as city2_4_0_, user0_.multi_team as multi_te3_4_0_, user0_.name as name4_4_0_, user0_.path as path5_4_0_, user0_.team_id as team_id6_4_0_, user0_.user_code as user_cod7_4_0_, user0_.user_level as user_lev8_4_0_ from user user0_ where user0_.id=?
Hibernate: insert into user (id, city, multi_team, name, path, team_id, user_code, user_level) values (null, ?, ?, ?, ?, ?, ?, ?)
Hibernate: select bobticket0_.id as id1_1_0_, bobticket0_.bob_style as bob_styl2_1_0_, bobticket0_.bob_time_type as bob_time3_1_0_, bobticket0_.city as city4_1_0_, bobticket0_.date as date5_1_0_, bobticket0_.issued_order as issued_o6_1_0_, bobticket0_.time as time7_1_0_, bobticket0_.user_id as user_id8_1_0_ from bob_ticket bobticket0_ where bobticket0_.id=?
Hibernate: insert into bob_ticket (id, bob_style, bob_time_type, city, date, issued_order, time, user_id) values (null, ?, ?, ?, ?, ?, ?, ?)
Hibernate: select user0_.id as id1_4_0_, user0_.city as city2_4_0_, user0_.multi_team as multi_te3_4_0_, user0_.name as name4_4_0_, user0_.path as path5_4_0_, user0_.team_id as team_id6_4_0_, user0_.user_code as user_cod7_4_0_, user0_.user_level as user_lev8_4_0_ from user user0_ where user0_.id=?
Hibernate: select bobticket0_.id as id1_1_, bobticket0_.bob_style as bob_styl2_1_, bobticket0_.bob_time_type as bob_time3_1_, bobticket0_.city as city4_1_, bobticket0_.date as date5_1_, bobticket0_.issued_order as issued_o6_1_, bobticket0_.time as time7_1_, bobticket0_.user_id as user_id8_1_ from bob_ticket bobticket0_ where bobticket0_.user_id=? and bobticket0_.bob_time_type=? and bobticket0_.date=?
Hibernate: update bob_ticket set bob_style=?, bob_time_type=?, city=?, date=?, issued_order=?, time=?, user_id=? where id=?
Hibernate: select count(*) as col_0_0_ from bob_ticket bobticket0_
Hibernate: select bobticket0_.id as id1_1_, bobticket0_.bob_style as bob_styl2_1_, bobticket0_.bob_time_type as bob_time3_1_, bobticket0_.city as city4_1_, bobticket0_.date as date5_1_, bobticket0_.issued_order as issued_o6_1_, bobticket0_.time as time7_1_, bobticket0_.user_id as user_id8_1_ from bob_ticket bobticket0_
Hibernate: delete from bob_ticket where id=?
Hibernate: select user0_.id as id1_4_, user0_.city as city2_4_, user0_.multi_team as multi_te3_4_, user0_.name as name4_4_, user0_.path as path5_4_, user0_.team_id as team_id6_4_, user0_.user_code as user_cod7_4_, user0_.user_level as user_lev8_4_ from user user0_
Hibernate: delete from user where id=?
Hibernate: delete from user where id=?
Hibernate: delete from user where id=?
Hibernate: delete from user where id=?
Hibernate: select user0_.id as id1_4_0_, user0_.city as city2_4_0_, user0_.multi_team as multi_te3_4_0_, user0_.name as name4_4_0_, user0_.path as path5_4_0_, user0_.team_id as team_id6_4_0_, user0_.user_code as user_cod7_4_0_, user0_.user_level as user_lev8_4_0_ from user user0_ where user0_.id=?
Hibernate: insert into user (id, city, multi_team, name, path, team_id, user_code, user_level) values (null, ?, ?, ?, ?, ?, ?, ?)
Hibernate: select user0_.id as id1_4_0_, user0_.city as city2_4_0_, user0_.multi_team as multi_te3_4_0_, user0_.name as name4_4_0_, user0_.path as path5_4_0_, user0_.team_id as team_id6_4_0_, user0_.user_code as user_cod7_4_0_, user0_.user_level as user_lev8_4_0_ from user user0_ where user0_.id=?
Hibernate: insert into user (id, city, multi_team, name, path, team_id, user_code, user_level) values (null, ?, ?, ?, ?, ?, ?, ?)
Hibernate: select user0_.id as id1_4_0_, user0_.city as city2_4_0_, user0_.multi_team as multi_te3_4_0_, user0_.name as name4_4_0_, user0_.path as path5_4_0_, user0_.team_id as team_id6_4_0_, user0_.user_code as user_cod7_4_0_, user0_.user_level as user_lev8_4_0_ from user user0_ where user0_.id=?
Hibernate: insert into user (id, city, multi_team, name, path, team_id, user_code, user_level) values (null, ?, ?, ?, ?, ?, ?, ?)
Hibernate: select user0_.id as id1_4_0_, user0_.city as city2_4_0_, user0_.multi_team as multi_te3_4_0_, user0_.name as name4_4_0_, user0_.path as path5_4_0_, user0_.team_id as team_id6_4_0_, user0_.user_code as user_cod7_4_0_, user0_.user_level as user_lev8_4_0_ from user user0_ where user0_.id=?
Hibernate: insert into user (id, city, multi_team, name, path, team_id, user_code, user_level) values (null, ?, ?, ?, ?, ?, ?, ?)
Hibernate: select bobticket0_.id as id1_1_0_, bobticket0_.bob_style as bob_styl2_1_0_, bobticket0_.bob_time_type as bob_time3_1_0_, bobticket0_.city as city4_1_0_, bobticket0_.date as date5_1_0_, bobticket0_.issued_order as issued_o6_1_0_, bobticket0_.time as time7_1_0_, bobticket0_.user_id as user_id8_1_0_ from bob_ticket bobticket0_ where bobticket0_.id=?
Hibernate: insert into bob_ticket (id, bob_style, bob_time_type, city, date, issued_order, time, user_id) values (null, ?, ?, ?, ?, ?, ?, ?)
Hibernate: select bobticket0_.id as id1_1_0_, bobticket0_.bob_style as bob_styl2_1_0_, bobticket0_.bob_time_type as bob_time3_1_0_, bobticket0_.city as city4_1_0_, bobticket0_.date as date5_1_0_, bobticket0_.issued_order as issued_o6_1_0_, bobticket0_.time as time7_1_0_, bobticket0_.user_id as user_id8_1_0_ from bob_ticket bobticket0_ where bobticket0_.id=?
Hibernate: insert into bob_ticket (id, bob_style, bob_time_type, city, date, issued_order, time, user_id) values (null, ?, ?, ?, ?, ?, ?, ?)
Hibernate: select count(*) as col_0_0_ from bob_ticket bobticket0_
2
user1 id
69
Hibernate: select bobticket0_.id as id1_1_, bobticket0_.bob_style as bob_styl2_1_, bobticket0_.bob_time_type as bob_time3_1_, bobticket0_.city as city4_1_, bobticket0_.date as date5_1_, bobticket0_.issued_order as issued_o6_1_, bobticket0_.time as time7_1_, bobticket0_.user_id as user_id8_1_ from bob_ticket bobticket0_ where bobticket0_.user_id=? and bobticket0_.bob_time_type=? and bobticket0_.date=?
Hibernate: delete from bob_ticket where id=?
Hibernate: select count(*) as col_0_0_ from bob_ticket bobticket0_
Hibernate: select bobticket0_.id as id1_1_, bobticket0_.bob_style as bob_styl2_1_, bobticket0_.bob_time_type as bob_time3_1_, bobticket0_.city as city4_1_, bobticket0_.date as date5_1_, bobticket0_.issued_order as issued_o6_1_, bobticket0_.time as time7_1_, bobticket0_.user_id as user_id8_1_ from bob_ticket bobticket0_
Hibernate: delete from bob_ticket where id=?
Hibernate: select user0_.id as id1_4_, user0_.city as city2_4_, user0_.multi_team as multi_te3_4_, user0_.name as name4_4_, user0_.path as path5_4_, user0_.team_id as team_id6_4_, user0_.user_code as user_cod7_4_, user0_.user_level as user_lev8_4_ from user user0_
Hibernate: delete from user where id=?
Hibernate: delete from user where id=?
Hibernate: delete from user where id=?
Hibernate: delete from user where id=?
]]></system-out>
  <system-err><![CDATA[]]></system-err>
</testsuite>
